#
# A fatal error has been detected by the Java Runtime Environment:
#
#  Internal Error (safepoint.cpp:919), pid=4890, tid=30471
#  fatal error: Illegal threadstate encountered: 4
#
# JRE version: OpenJDK Runtime Environment AdoptOpenJDK (11.0.9.1+1) (build 11.0.9.1+1)
# Java VM: OpenJDK 64-Bit Server VM AdoptOpenJDK (11.0.9.1+1, mixed mode, tiered, compressed oops, g1 gc, bsd-amd64)
# No core dump will be written. Core dumps have been disabled. To enable core dumping, try "ulimit -c unlimited" before starting Java again
#
# If you would like to submit a bug report, please visit:
#   https://github.com/AdoptOpenJDK/openjdk-support/issues
# The crash happened outside the Java Virtual Machine in native code.
# See problematic frame for where to report the bug.
#

---------------  S U M M A R Y ------------

Command Line: --module-path=/Users/sethfagen/Downloads/javafx-sdk-11.0.2/lib --add-modules=javafx.controls,javafx.fxml -javaagent:/Applications/IntelliJ IDEA CE.app/Contents/lib/idea_rt.jar=55294:/Applications/IntelliJ IDEA CE.app/Contents/bin -Dfile.encoding=UTF-8 main.Driver

Host: MacBookPro14,1 x86_64 2500 MHz, 4 cores, 8G, Darwin 21.1.0
Time: Sat Feb  5 17:05:30 2022 EST elapsed time: 10.903740 seconds (0d 0h 0m 10s)

---------------  T H R E A D  ---------------

Current thread (0x00007fdeac362000):  JavaThread "InvokeLaterDispatcher" daemon [_thread_in_native, id=30471, stack(0x0000700005f66000,0x0000700006066000)]

Stack: [0x0000700005f66000,0x0000700006066000],  sp=0x00007000060642f0,  free space=1016k
Native frames: (J=compiled Java code, A=aot compiled Java code, j=interpreted, Vv=VM code, C=native code)
V  [libjvm.dylib+0x7b7e0b]  VMError::report_and_die(int, char const*, char const*, __va_list_tag*, Thread*, unsigned char*, void*, void*, char const*, int, unsigned long)+0x64f
V  [libjvm.dylib+0x7b8507]  VMError::report_and_die(Thread*, void*, char const*, int, char const*, char const*, __va_list_tag*)+0x47
V  [libjvm.dylib+0x275cb6]  report_fatal(char const*, int, char const*, ...)+0xb5
V  [libjvm.dylib+0x68fe6f]  SafepointSynchronize::block(JavaThread*)+0x1cf
V  [libjvm.dylib+0x770fbc]  JavaThread::check_safepoint_and_suspend_for_native_trans(JavaThread*)+0xa8
V  [libjvm.dylib+0x3ecf18]  jni_DeleteGlobalRef+0x93
C  [libglass.dylib+0x8851]  -[GlassRunnable dealloc]+0x31
C  [Foundation+0x8210b]  -[_NSThreadPerformInfo dealloc]+0x2a
C  [Foundation+0x4edc7]  -[NSObject(NSThreadPerformAdditions) performSelectorOnMainThread:withObject:waitUntilDone:]+0x7c
j  com.sun.glass.ui.mac.MacApplication._submitForLaterInvocation(Ljava/lang/Runnable;)V+0 javafx.graphics
J 2466 c1 com.sun.glass.ui.mac.MacApplication.submitForLaterInvocation(Ljava/lang/Runnable;)V javafx.graphics (6 bytes) @ 0x0000000112e9eb34 [0x0000000112e9eac0+0x0000000000000074]
j  com.sun.glass.ui.InvokeLaterDispatcher.run()V+82 javafx.graphics
v  ~StubRoutines::call_stub
V  [libjvm.dylib+0x3b1880]  JavaCalls::call_helper(JavaValue*, methodHandle const&, JavaCallArguments*, Thread*)+0x21a
V  [libjvm.dylib+0x3b0cca]  JavaCalls::call_virtual(JavaValue*, Klass*, Symbol*, Symbol*, JavaCallArguments*, Thread*)+0xee
V  [libjvm.dylib+0x3b0d86]  JavaCalls::call_virtual(JavaValue*, Handle, Klass*, Symbol*, Symbol*, Thread*)+0x62
V  [libjvm.dylib+0x43729d]  thread_entry(JavaThread*, Thread*)+0x78
V  [libjvm.dylib+0x76f9ce]  JavaThread::thread_main_inner()+0x82
V  [libjvm.dylib+0x76f818]  JavaThread::run()+0x174
V  [libjvm.dylib+0x76d6f4]  Thread::call_run()+0x68
V  [libjvm.dylib+0x61d303]  thread_native_entry(Thread*)+0x139
C  [libsystem_pthread.dylib+0x6514]  _pthread_start+0x7d
C  [libsystem_pthread.dylib+0x202f]  thread_start+0xf

Java frames: (J=compiled Java code, j=interpreted, Vv=VM code)
j  com.sun.glass.ui.mac.MacApplication._submitForLaterInvocation(Ljava/lang/Runnable;)V+0 javafx.graphics
J 2466 c1 com.sun.glass.ui.mac.MacApplication.submitForLaterInvocation(Ljava/lang/Runnable;)V javafx.graphics (6 bytes) @ 0x0000000112e9eb34 [0x0000000112e9eac0+0x0000000000000074]
j  com.sun.glass.ui.InvokeLaterDispatcher.run()V+82 javafx.graphics
v  ~StubRoutines::call_stub

---------------  P R O C E S S  ---------------

Threads class SMR info:
_java_thread_list=0x00006000026512e0, length=18, elements={
0x00007fdeac00d800, 0x00007fdeac01e000, 0x00007fdeaa046000, 0x00007fdeac021800,
0x00007fdeaa8ab000, 0x00007fdeaa8a8000, 0x00007fdeaa04a800, 0x00007fdeac026800,
0x00007fdeabb94800, 0x00007fdeaa008800, 0x00007fdeaab9f000, 0x00007fdeac362000,
0x00007fdeac35d000, 0x00007fdeabc5c800, 0x00007fdeaa786000, 0x00007fdeaac32000,
0x00007fdeae834000, 0x00007fdeac4ca800
}

Java Threads: ( => current thread )
  0x00007fdeac00d800 JavaThread "main" [_thread_blocked, id=6659, stack(0x0000700004921000,0x0000700004a21000)]
  0x00007fdeac01e000 JavaThread "Reference Handler" daemon [_thread_blocked, id=19203, stack(0x0000700005036000,0x0000700005136000)]
  0x00007fdeaa046000 JavaThread "Finalizer" daemon [_thread_blocked, id=18947, stack(0x0000700005139000,0x0000700005239000)]
  0x00007fdeac021800 JavaThread "Signal Dispatcher" daemon [_thread_blocked, id=16899, stack(0x0000700005342000,0x0000700005442000)]
  0x00007fdeaa8ab000 JavaThread "C2 CompilerThread0" daemon [_thread_in_native, id=22019, stack(0x0000700005445000,0x0000700005545000)]
  0x00007fdeaa8a8000 JavaThread "C1 CompilerThread0" daemon [_thread_in_native, id=43267, stack(0x0000700005548000,0x0000700005648000)]
  0x00007fdeaa04a800 JavaThread "Sweeper thread" daemon [_thread_blocked, id=42755, stack(0x000070000564b000,0x000070000574b000)]
  0x00007fdeac026800 JavaThread "Common-Cleaner" daemon [_thread_blocked, id=42243, stack(0x000070000574e000,0x000070000584e000)]
  0x00007fdeabb94800 JavaThread "Monitor Ctrl-Break" daemon [_thread_in_native, id=41731, stack(0x0000700005954000,0x0000700005a54000)]
  0x00007fdeaa008800 JavaThread "Service Thread" daemon [_thread_blocked, id=24835, stack(0x0000700005a57000,0x0000700005b57000)]
  0x00007fdeaab9f000 JavaThread "QuantumRenderer-0" daemon [_thread_in_Java, id=41475, stack(0x0000700005c5d000,0x0000700005d5d000)]
=>0x00007fdeac362000 JavaThread "InvokeLaterDispatcher" daemon [_thread_in_native, id=30471, stack(0x0000700005f66000,0x0000700006066000)]
  0x00007fdeac35d000 JavaThread "JavaFX Application Thread" [_thread_in_native_trans, id=259, stack(0x00007ff7bcb44000,0x00007ff7bd344000)]
  0x00007fdeabc5c800 JavaThread "Thread-2" daemon [_thread_in_native, id=46599, stack(0x0000700006069000,0x00007000060e9000)]
  0x00007fdeaa786000 JavaThread "Attach Listener" daemon [_thread_blocked, id=72963, stack(0x0000700006378000,0x0000700006478000)]
  0x00007fdeaac32000 JavaThread "JavaFX-Launcher" [_thread_blocked, id=69387, stack(0x000070000647b000,0x000070000657b000)]
  0x00007fdeae834000 JavaThread "Prism Font Disposer" daemon [_thread_blocked, id=58371, stack(0x000070000657e000,0x000070000667e000)]
  0x00007fdeac4ca800 JavaThread "Cleaner-0" daemon [_thread_blocked, id=61955, stack(0x0000700006704000,0x0000700006804000)]

Other Threads:
  0x00007fdeaa815000 VMThread "VM Thread" [stack: 0x0000700004f33000,0x0000700005033000] [id=19715]
  0x00007fdeaab8c000 WatcherThread [stack: 0x0000700005b5a000,0x0000700005c5a000] [id=25347]
  0x00007fdeaa010800 GCTaskThread "GC Thread#0" [stack: 0x0000700004a24000,0x0000700004b24000] [id=12291]
  0x00007fdeac30b000 GCTaskThread "GC Thread#1" [stack: 0x0000700005d60000,0x0000700005e60000] [id=40963]
  0x00007fdeac30c000 GCTaskThread "GC Thread#2" [stack: 0x0000700005e63000,0x0000700005f63000] [id=26371]
  0x00007fdeabc67000 GCTaskThread "GC Thread#3" [stack: 0x0000700006275000,0x0000700006375000] [id=50183]
  0x00007fdeaa837000 ConcurrentGCThread "G1 Main Marker" [stack: 0x0000700004b27000,0x0000700004c27000] [id=12547]
  0x00007fdeaa837800 ConcurrentGCThread "G1 Conc#0" [stack: 0x0000700004c2a000,0x0000700004d2a000] [id=20995]
  0x00007fdeac00e000 ConcurrentGCThread "G1 Refine#0" [stack: 0x0000700004d2d000,0x0000700004e2d000] [id=13571]
  0x00007fdeaa888800 ConcurrentGCThread "G1 Young RemSet Sampling" [stack: 0x0000700004e30000,0x0000700004f30000] [id=14083]

Threads with active compile tasks:
C2 CompilerThread0  10925 3050       4       com.sun.javafx.css.StyleMap::getCascadingStyles (384 bytes)
C1 CompilerThread0  10925 3093 %     3       com.sun.marlin.MaskMarlinAlphaConsumer::setAndClearRelativeAlphas @ 507 (641 bytes)

VM state:not at safepoint (normal execution)

VM Mutex/Monitor currently owned by a thread: None

Heap address: 0x0000000780000000, size: 2048 MB, Compressed Oops mode: Zero based, Oop shift amount: 3
Narrow klass base: 0x0000000800000000, Narrow klass shift: 0
Compressed class space size: 1073741824 Address: 0x0000000800000000

Heap:
 garbage-first heap   total 131072K, used 25211K [0x0000000780000000, 0x0000000800000000)
  region size 1024K, 9 young (9216K), 5 survivors (5120K)
 Metaspace       used 29218K, capacity 30259K, committed 30592K, reserved 1075200K
  class space    used 3698K, capacity 4149K, committed 4224K, reserved 1048576K
Heap Regions: E=young(eden), S=young(survivor), O=old, HS=humongous(starts), HC=humongous(continues), CS=collection set, F=free, A=archive, TAMS=top-at-mark-start (previous, next)
|   0|0x0000000780000000, 0x0000000780100000, 0x0000000780100000|100%| O|  |TAMS 0x0000000780100000, 0x0000000780000000| Untracked 
|   1|0x0000000780100000, 0x0000000780200000, 0x0000000780200000|100%| O|  |TAMS 0x0000000780200000, 0x0000000780100000| Untracked 
|   2|0x0000000780200000, 0x0000000780300000, 0x0000000780300000|100%| O|  |TAMS 0x0000000780300000, 0x0000000780200000| Untracked 
|   3|0x0000000780300000, 0x0000000780400000, 0x0000000780400000|100%| O|  |TAMS 0x0000000780311c00, 0x0000000780300000| Untracked 
|   4|0x0000000780400000, 0x0000000780500000, 0x0000000780500000|100%|HS|  |TAMS 0x0000000780400000, 0x0000000780400000| Complete 
|   5|0x0000000780500000, 0x0000000780600000, 0x0000000780600000|100%|HC|  |TAMS 0x0000000780500000, 0x0000000780500000| Complete 
|   6|0x0000000780600000, 0x0000000780700000, 0x0000000780700000|100%| O|  |TAMS 0x0000000780600000, 0x0000000780600000| Untracked 
|   7|0x0000000780700000, 0x0000000780800000, 0x0000000780800000|100%| O|  |TAMS 0x0000000780700000, 0x0000000780700000| Untracked 
|   8|0x0000000780800000, 0x00000007808bee00, 0x0000000780900000| 74%| O|  |TAMS 0x0000000780800000, 0x0000000780800000| Untracked 
|   9|0x0000000780900000, 0x0000000780a00000, 0x0000000780a00000|100%|HS|  |TAMS 0x0000000780900000, 0x0000000780900000| Complete 
|  10|0x0000000780a00000, 0x0000000780b00000, 0x0000000780b00000|100%|HC|  |TAMS 0x0000000780a00000, 0x0000000780a00000| Complete 
|  11|0x0000000780b00000, 0x0000000780c00000, 0x0000000780c00000|100%|HS|  |TAMS 0x0000000780b00000, 0x0000000780b00000| Complete 
|  12|0x0000000780c00000, 0x0000000780d00000, 0x0000000780d00000|100%|HC|  |TAMS 0x0000000780c00000, 0x0000000780c00000| Complete 
|  13|0x0000000780d00000, 0x0000000780e00000, 0x0000000780e00000|100%|HC|  |TAMS 0x0000000780d00000, 0x0000000780d00000| Complete 
|  14|0x0000000780e00000, 0x0000000780f00000, 0x0000000780f00000|100%|HS|  |TAMS 0x0000000780e00000, 0x0000000780e00000| Complete 
|  15|0x0000000780f00000, 0x0000000781000000, 0x0000000781000000|100%|HC|  |TAMS 0x0000000780f00000, 0x0000000780f00000| Complete 
|  16|0x0000000781000000, 0x0000000781100000, 0x0000000781100000|100%|HC|  |TAMS 0x0000000781000000, 0x0000000781000000| Complete 
|  17|0x0000000781100000, 0x0000000781100000, 0x0000000781200000|  0%| F|  |TAMS 0x0000000781100000, 0x0000000781100000| Untracked 
|  18|0x0000000781200000, 0x0000000781200000, 0x0000000781300000|  0%| F|  |TAMS 0x0000000781200000, 0x0000000781200000| Untracked 
|  19|0x0000000781300000, 0x0000000781300000, 0x0000000781400000|  0%| F|  |TAMS 0x0000000781300000, 0x0000000781300000| Untracked 
|  20|0x0000000781400000, 0x0000000781400000, 0x0000000781500000|  0%| F|  |TAMS 0x0000000781400000, 0x0000000781400000| Untracked 
|  21|0x0000000781500000, 0x0000000781500000, 0x0000000781600000|  0%| F|  |TAMS 0x0000000781500000, 0x0000000781500000| Untracked 
|  22|0x0000000781600000, 0x0000000781600000, 0x0000000781700000|  0%| F|  |TAMS 0x0000000781600000, 0x0000000781600000| Untracked 
|  23|0x0000000781700000, 0x0000000781700000, 0x0000000781800000|  0%| F|  |TAMS 0x0000000781700000, 0x0000000781700000| Untracked 
|  24|0x0000000781800000, 0x0000000781800000, 0x0000000781900000|  0%| F|  |TAMS 0x0000000781800000, 0x0000000781800000| Untracked 
|  25|0x0000000781900000, 0x0000000781900000, 0x0000000781a00000|  0%| F|  |TAMS 0x0000000781900000, 0x0000000781900000| Untracked 
|  26|0x0000000781a00000, 0x0000000781a00000, 0x0000000781b00000|  0%| F|  |TAMS 0x0000000781a00000, 0x0000000781a00000| Untracked 
|  27|0x0000000781b00000, 0x0000000781b00000, 0x0000000781c00000|  0%| F|  |TAMS 0x0000000781b00000, 0x0000000781b00000| Untracked 
|  28|0x0000000781c00000, 0x0000000781c00000, 0x0000000781d00000|  0%| F|  |TAMS 0x0000000781c00000, 0x0000000781c00000| Untracked 
|  29|0x0000000781d00000, 0x0000000781d00000, 0x0000000781e00000|  0%| F|  |TAMS 0x0000000781d00000, 0x0000000781d00000| Untracked 
|  30|0x0000000781e00000, 0x0000000781e00000, 0x0000000781f00000|  0%| F|  |TAMS 0x0000000781e00000, 0x0000000781e00000| Untracked 
|  31|0x0000000781f00000, 0x0000000781f00000, 0x0000000782000000|  0%| F|  |TAMS 0x0000000781f00000, 0x0000000781f00000| Untracked 
|  32|0x0000000782000000, 0x0000000782000000, 0x0000000782100000|  0%| F|  |TAMS 0x0000000782000000, 0x0000000782000000| Untracked 
|  33|0x0000000782100000, 0x0000000782100000, 0x0000000782200000|  0%| F|  |TAMS 0x0000000782100000, 0x0000000782100000| Untracked 
|  34|0x0000000782200000, 0x0000000782200000, 0x0000000782300000|  0%| F|  |TAMS 0x0000000782200000, 0x0000000782200000| Untracked 
|  35|0x0000000782300000, 0x0000000782300000, 0x0000000782400000|  0%| F|  |TAMS 0x0000000782300000, 0x0000000782300000| Untracked 
|  36|0x0000000782400000, 0x0000000782400000, 0x0000000782500000|  0%| F|  |TAMS 0x0000000782400000, 0x0000000782400000| Untracked 
|  37|0x0000000782500000, 0x0000000782500000, 0x0000000782600000|  0%| F|  |TAMS 0x0000000782500000, 0x0000000782500000| Untracked 
|  38|0x0000000782600000, 0x0000000782600000, 0x0000000782700000|  0%| F|  |TAMS 0x0000000782600000, 0x0000000782600000| Untracked 
|  39|0x0000000782700000, 0x0000000782700000, 0x0000000782800000|  0%| F|  |TAMS 0x0000000782700000, 0x0000000782700000| Untracked 
|  40|0x0000000782800000, 0x0000000782800000, 0x0000000782900000|  0%| F|  |TAMS 0x0000000782800000, 0x0000000782800000| Untracked 
|  41|0x0000000782900000, 0x0000000782900000, 0x0000000782a00000|  0%| F|  |TAMS 0x0000000782900000, 0x0000000782900000| Untracked 
|  42|0x0000000782a00000, 0x0000000782a00000, 0x0000000782b00000|  0%| F|  |TAMS 0x0000000782a00000, 0x0000000782a00000| Untracked 
|  43|0x0000000782b00000, 0x0000000782b00000, 0x0000000782c00000|  0%| F|  |TAMS 0x0000000782b00000, 0x0000000782b00000| Untracked 
|  44|0x0000000782c00000, 0x0000000782c00000, 0x0000000782d00000|  0%| F|  |TAMS 0x0000000782c00000, 0x0000000782c00000| Untracked 
|  45|0x0000000782d00000, 0x0000000782d00000, 0x0000000782e00000|  0%| F|  |TAMS 0x0000000782d00000, 0x0000000782d00000| Untracked 
|  46|0x0000000782e00000, 0x0000000782e00000, 0x0000000782f00000|  0%| F|  |TAMS 0x0000000782e00000, 0x0000000782e00000| Untracked 
|  47|0x0000000782f00000, 0x0000000782f00000, 0x0000000783000000|  0%| F|  |TAMS 0x0000000782f00000, 0x0000000782f00000| Untracked 
|  48|0x0000000783000000, 0x0000000783000000, 0x0000000783100000|  0%| F|  |TAMS 0x0000000783000000, 0x0000000783000000| Untracked 
|  49|0x0000000783100000, 0x0000000783100000, 0x0000000783200000|  0%| F|  |TAMS 0x0000000783100000, 0x0000000783100000| Untracked 
|  50|0x0000000783200000, 0x0000000783200000, 0x0000000783300000|  0%| F|  |TAMS 0x0000000783200000, 0x0000000783200000| Untracked 
|  51|0x0000000783300000, 0x0000000783300000, 0x0000000783400000|  0%| F|  |TAMS 0x0000000783300000, 0x0000000783300000| Untracked 
|  52|0x0000000783400000, 0x0000000783400000, 0x0000000783500000|  0%| F|  |TAMS 0x0000000783400000, 0x0000000783400000| Untracked 
|  53|0x0000000783500000, 0x0000000783500000, 0x0000000783600000|  0%| F|  |TAMS 0x0000000783500000, 0x0000000783500000| Untracked 
|  54|0x0000000783600000, 0x0000000783600000, 0x0000000783700000|  0%| F|  |TAMS 0x0000000783600000, 0x0000000783600000| Untracked 
|  55|0x0000000783700000, 0x0000000783700000, 0x0000000783800000|  0%| F|  |TAMS 0x0000000783700000, 0x0000000783700000| Untracked 
|  56|0x0000000783800000, 0x0000000783800000, 0x0000000783900000|  0%| F|  |TAMS 0x0000000783800000, 0x0000000783800000| Untracked 
|  57|0x0000000783900000, 0x0000000783900000, 0x0000000783a00000|  0%| F|  |TAMS 0x0000000783900000, 0x0000000783900000| Untracked 
|  58|0x0000000783a00000, 0x0000000783a00000, 0x0000000783b00000|  0%| F|  |TAMS 0x0000000783a00000, 0x0000000783a00000| Untracked 
|  59|0x0000000783b00000, 0x0000000783b00000, 0x0000000783c00000|  0%| F|  |TAMS 0x0000000783b00000, 0x0000000783b00000| Untracked 
|  60|0x0000000783c00000, 0x0000000783c00000, 0x0000000783d00000|  0%| F|  |TAMS 0x0000000783c00000, 0x0000000783c00000| Untracked 
|  61|0x0000000783d00000, 0x0000000783d00000, 0x0000000783e00000|  0%| F|  |TAMS 0x0000000783d00000, 0x0000000783d00000| Untracked 
|  62|0x0000000783e00000, 0x0000000783e00000, 0x0000000783f00000|  0%| F|  |TAMS 0x0000000783e00000, 0x0000000783e00000| Untracked 
|  63|0x0000000783f00000, 0x0000000783f00000, 0x0000000784000000|  0%| F|  |TAMS 0x0000000783f00000, 0x0000000783f00000| Untracked 
|  64|0x0000000784000000, 0x0000000784000000, 0x0000000784100000|  0%| F|  |TAMS 0x0000000784000000, 0x0000000784000000| Untracked 
|  65|0x0000000784100000, 0x0000000784100000, 0x0000000784200000|  0%| F|  |TAMS 0x0000000784100000, 0x0000000784100000| Untracked 
|  66|0x0000000784200000, 0x0000000784200000, 0x0000000784300000|  0%| F|  |TAMS 0x0000000784200000, 0x0000000784200000| Untracked 
|  67|0x0000000784300000, 0x0000000784300000, 0x0000000784400000|  0%| F|  |TAMS 0x0000000784300000, 0x0000000784300000| Untracked 
|  68|0x0000000784400000, 0x0000000784400000, 0x0000000784500000|  0%| F|  |TAMS 0x0000000784400000, 0x0000000784400000| Untracked 
|  69|0x0000000784500000, 0x0000000784500000, 0x0000000784600000|  0%| F|  |TAMS 0x0000000784500000, 0x0000000784500000| Untracked 
|  70|0x0000000784600000, 0x0000000784600000, 0x0000000784700000|  0%| F|  |TAMS 0x0000000784600000, 0x0000000784600000| Untracked 
|  71|0x0000000784700000, 0x0000000784700000, 0x0000000784800000|  0%| F|  |TAMS 0x0000000784700000, 0x0000000784700000| Untracked 
|  72|0x0000000784800000, 0x0000000784800000, 0x0000000784900000|  0%| F|  |TAMS 0x0000000784800000, 0x0000000784800000| Untracked 
|  73|0x0000000784900000, 0x0000000784900000, 0x0000000784a00000|  0%| F|  |TAMS 0x0000000784900000, 0x0000000784900000| Untracked 
|  74|0x0000000784a00000, 0x0000000784a00000, 0x0000000784b00000|  0%| F|  |TAMS 0x0000000784a00000, 0x0000000784a00000| Untracked 
|  75|0x0000000784b00000, 0x0000000784b00000, 0x0000000784c00000|  0%| F|  |TAMS 0x0000000784b00000, 0x0000000784b00000| Untracked 
|  76|0x0000000784c00000, 0x0000000784c00000, 0x0000000784d00000|  0%| F|  |TAMS 0x0000000784c00000, 0x0000000784c00000| Untracked 
|  77|0x0000000784d00000, 0x0000000784d00000, 0x0000000784e00000|  0%| F|  |TAMS 0x0000000784d00000, 0x0000000784d00000| Untracked 
|  78|0x0000000784e00000, 0x0000000784e00000, 0x0000000784f00000|  0%| F|  |TAMS 0x0000000784e00000, 0x0000000784e00000| Untracked 
|  79|0x0000000784f00000, 0x0000000784f00000, 0x0000000785000000|  0%| F|  |TAMS 0x0000000784f00000, 0x0000000784f00000| Untracked 
|  80|0x0000000785000000, 0x0000000785000000, 0x0000000785100000|  0%| F|  |TAMS 0x0000000785000000, 0x0000000785000000| Untracked 
|  81|0x0000000785100000, 0x0000000785100000, 0x0000000785200000|  0%| F|  |TAMS 0x0000000785100000, 0x0000000785100000| Untracked 
|  82|0x0000000785200000, 0x0000000785200000, 0x0000000785300000|  0%| F|  |TAMS 0x0000000785200000, 0x0000000785200000| Untracked 
|  83|0x0000000785300000, 0x0000000785300000, 0x0000000785400000|  0%| F|  |TAMS 0x0000000785300000, 0x0000000785300000| Untracked 
|  84|0x0000000785400000, 0x0000000785400000, 0x0000000785500000|  0%| F|  |TAMS 0x0000000785400000, 0x0000000785400000| Untracked 
|  85|0x0000000785500000, 0x0000000785500000, 0x0000000785600000|  0%| F|  |TAMS 0x0000000785500000, 0x0000000785500000| Untracked 
|  86|0x0000000785600000, 0x0000000785600000, 0x0000000785700000|  0%| F|  |TAMS 0x0000000785600000, 0x0000000785600000| Untracked 
|  87|0x0000000785700000, 0x00000007857e0040, 0x0000000785800000| 87%| S|CS|TAMS 0x0000000785700000, 0x0000000785700000| Complete 
|  88|0x0000000785800000, 0x0000000785900000, 0x0000000785900000|100%| S|CS|TAMS 0x0000000785800000, 0x0000000785800000| Complete 
|  89|0x0000000785900000, 0x0000000785a00000, 0x0000000785a00000|100%| S|CS|TAMS 0x0000000785900000, 0x0000000785900000| Complete 
|  90|0x0000000785a00000, 0x0000000785b00000, 0x0000000785b00000|100%| S|CS|TAMS 0x0000000785a00000, 0x0000000785a00000| Complete 
|  91|0x0000000785b00000, 0x0000000785c00000, 0x0000000785c00000|100%| S|CS|TAMS 0x0000000785b00000, 0x0000000785b00000| Complete 
|  92|0x0000000785c00000, 0x0000000785c00000, 0x0000000785d00000|  0%| F|  |TAMS 0x0000000785c00000, 0x0000000785c00000| Untracked 
|  93|0x0000000785d00000, 0x0000000785d00000, 0x0000000785e00000|  0%| F|  |TAMS 0x0000000785d00000, 0x0000000785d00000| Untracked 
|  94|0x0000000785e00000, 0x0000000785e00000, 0x0000000785f00000|  0%| F|  |TAMS 0x0000000785e00000, 0x0000000785e00000| Untracked 
|  95|0x0000000785f00000, 0x0000000785f00000, 0x0000000786000000|  0%| F|  |TAMS 0x0000000785f00000, 0x0000000785f00000| Untracked 
|  96|0x0000000786000000, 0x0000000786000000, 0x0000000786100000|  0%| F|  |TAMS 0x0000000786000000, 0x0000000786000000| Untracked 
|  97|0x0000000786100000, 0x0000000786100000, 0x0000000786200000|  0%| F|  |TAMS 0x0000000786100000, 0x0000000786100000| Untracked 
|  98|0x0000000786200000, 0x0000000786200000, 0x0000000786300000|  0%| F|  |TAMS 0x0000000786200000, 0x0000000786200000| Untracked 
|  99|0x0000000786300000, 0x0000000786300000, 0x0000000786400000|  0%| F|  |TAMS 0x0000000786300000, 0x0000000786300000| Untracked 
| 100|0x0000000786400000, 0x0000000786400000, 0x0000000786500000|  0%| F|  |TAMS 0x0000000786400000, 0x0000000786400000| Untracked 
| 101|0x0000000786500000, 0x0000000786500000, 0x0000000786600000|  0%| F|  |TAMS 0x0000000786500000, 0x0000000786500000| Untracked 
| 102|0x0000000786600000, 0x0000000786600000, 0x0000000786700000|  0%| F|  |TAMS 0x0000000786600000, 0x0000000786600000| Untracked 
| 103|0x0000000786700000, 0x0000000786700000, 0x0000000786800000|  0%| F|  |TAMS 0x0000000786700000, 0x0000000786700000| Untracked 
| 104|0x0000000786800000, 0x0000000786800000, 0x0000000786900000|  0%| F|  |TAMS 0x0000000786800000, 0x0000000786800000| Untracked 
| 105|0x0000000786900000, 0x0000000786900000, 0x0000000786a00000|  0%| F|  |TAMS 0x0000000786900000, 0x0000000786900000| Untracked 
| 106|0x0000000786a00000, 0x0000000786a00000, 0x0000000786b00000|  0%| F|  |TAMS 0x0000000786a00000, 0x0000000786a00000| Untracked 
| 107|0x0000000786b00000, 0x0000000786b00000, 0x0000000786c00000|  0%| F|  |TAMS 0x0000000786b00000, 0x0000000786b00000| Untracked 
| 108|0x0000000786c00000, 0x0000000786c00000, 0x0000000786d00000|  0%| F|  |TAMS 0x0000000786c00000, 0x0000000786c00000| Untracked 
| 109|0x0000000786d00000, 0x0000000786d00000, 0x0000000786e00000|  0%| F|  |TAMS 0x0000000786d00000, 0x0000000786d00000| Untracked 
| 110|0x0000000786e00000, 0x0000000786e00000, 0x0000000786f00000|  0%| F|  |TAMS 0x0000000786e00000, 0x0000000786e00000| Untracked 
| 111|0x0000000786f00000, 0x0000000786f00000, 0x0000000787000000|  0%| F|  |TAMS 0x0000000786f00000, 0x0000000786f00000| Untracked 
| 112|0x0000000787000000, 0x0000000787000000, 0x0000000787100000|  0%| F|  |TAMS 0x0000000787000000, 0x0000000787000000| Untracked 
| 113|0x0000000787100000, 0x0000000787100000, 0x0000000787200000|  0%| F|  |TAMS 0x0000000787100000, 0x0000000787100000| Untracked 
| 114|0x0000000787200000, 0x0000000787200000, 0x0000000787300000|  0%| F|  |TAMS 0x0000000787200000, 0x0000000787200000| Untracked 
| 115|0x0000000787300000, 0x0000000787300000, 0x0000000787400000|  0%| F|  |TAMS 0x0000000787300000, 0x0000000787300000| Untracked 
| 116|0x0000000787400000, 0x0000000787400000, 0x0000000787500000|  0%| F|  |TAMS 0x0000000787400000, 0x0000000787400000| Untracked 
| 117|0x0000000787500000, 0x0000000787500000, 0x0000000787600000|  0%| F|  |TAMS 0x0000000787500000, 0x0000000787500000| Untracked 
| 118|0x0000000787600000, 0x0000000787600000, 0x0000000787700000|  0%| F|  |TAMS 0x0000000787600000, 0x0000000787600000| Untracked 
| 119|0x0000000787700000, 0x0000000787700000, 0x0000000787800000|  0%| F|  |TAMS 0x0000000787700000, 0x0000000787700000| Untracked 
| 120|0x0000000787800000, 0x0000000787800000, 0x0000000787900000|  0%| F|  |TAMS 0x0000000787800000, 0x0000000787800000| Untracked 
| 121|0x0000000787900000, 0x0000000787900000, 0x0000000787a00000|  0%| F|  |TAMS 0x0000000787900000, 0x0000000787900000| Untracked 
| 122|0x0000000787a00000, 0x0000000787a00000, 0x0000000787b00000|  0%| F|  |TAMS 0x0000000787a00000, 0x0000000787a00000| Untracked 
| 123|0x0000000787b00000, 0x0000000787b00000, 0x0000000787c00000|  0%| F|  |TAMS 0x0000000787b00000, 0x0000000787b00000| Untracked 
| 124|0x0000000787c00000, 0x0000000787cce658, 0x0000000787d00000| 80%| E|  |TAMS 0x0000000787c00000, 0x0000000787c00000| Complete 
| 125|0x0000000787d00000, 0x0000000787e00000, 0x0000000787e00000|100%| E|CS|TAMS 0x0000000787d00000, 0x0000000787d00000| Complete 
| 126|0x0000000787e00000, 0x0000000787f00000, 0x0000000787f00000|100%| E|CS|TAMS 0x0000000787e00000, 0x0000000787e00000| Complete 
| 127|0x0000000787f00000, 0x0000000788000000, 0x0000000788000000|100%| E|CS|TAMS 0x0000000787f00000, 0x0000000787f00000| Complete 

Card table byte_map: [0x0000000103396000,0x0000000103796000] _byte_map_base: 0x00000000ff796000

Marking Bits (Prev, Next): (CMBitMap*) 0x00007fdeaa82e450, (CMBitMap*) 0x00007fdeaa82e418
 Prev Bits: [0x0000000106c66000, 0x0000000108c66000)
 Next Bits: [0x0000000104c66000, 0x0000000106c66000)

Polling page: 0x0000000102cfb000

Metaspace:

Usage:
  Non-class:     25.50 MB capacity,    24.92 MB ( 98%) used,   473.45 KB (  2%) free+waste,   116.50 KB ( <1%) overhead. 
      Class:      4.05 MB capacity,     3.61 MB ( 89%) used,   392.72 KB (  9%) free+waste,    58.25 KB (  1%) overhead. 
       Both:     29.55 MB capacity,    28.53 MB ( 97%) used,   866.16 KB (  3%) free+waste,   174.75 KB ( <1%) overhead. 

Virtual space:
  Non-class space:       26.00 MB reserved,      25.75 MB (>99%) committed 
      Class space:        1.00 GB reserved,       4.12 MB ( <1%) committed 
             Both:        1.03 GB reserved,      29.88 MB (  3%) committed 

Chunk freelists:
   Non-Class:  6.00 KB
       Class:  11.00 KB
        Both:  17.00 KB

MaxMetaspaceSize: unlimited
CompressedClassSpaceSize: 1.00 GB

CodeHeap 'non-profiled nmethods': size=120032Kb used=1158Kb max_used=1158Kb free=118873Kb
 bounds [0x0000000119f8c000, 0x000000011a1fc000, 0x00000001214c4000]
CodeHeap 'profiled nmethods': size=120032Kb used=5754Kb max_used=5754Kb free=114277Kb
 bounds [0x0000000112a54000, 0x0000000112ff4000, 0x0000000119f8c000]
CodeHeap 'non-nmethods': size=5696Kb used=1369Kb max_used=1382Kb free=4327Kb
 bounds [0x00000001124c4000, 0x0000000112734000, 0x0000000112a54000]
 total_blobs=3909 nmethods=3076 adapters=745
 compilation: enabled
              stopped_count=0, restarted_count=0
 full_count=0

Compilation events (20 events):
Event: 10.890 Thread 0x00007fdeaa8a8000 3029       1       javafx.geometry.Point3D::getX (5 bytes)
Event: 10.895 Thread 0x00007fdeaa8a8000 nmethod 3029 0x000000011a0ab490 code [0x000000011a0ab640, 0x000000011a0ab6f0]
Event: 10.896 Thread 0x00007fdeaa8a8000 3030       1       javafx.geometry.Point3D::getY (5 bytes)
Event: 10.898 Thread 0x00007fdeaa8a8000 nmethod 3030 0x000000011a0ab790 code [0x000000011a0ab940, 0x000000011a0ab9f0]
Event: 10.898 Thread 0x00007fdeaa8a8000 3031       1       javafx.geometry.Point3D::getZ (5 bytes)
Event: 10.898 Thread 0x00007fdeaa8a8000 nmethod 3031 0x000000011a0aba90 code [0x000000011a0abc40, 0x000000011a0abcf0]
Event: 10.898 Thread 0x00007fdeaa8a8000 3046       1       javafx.scene.input.MouseEvent::getSceneX (5 bytes)
Event: 10.898 Thread 0x00007fdeaa8a8000 nmethod 3046 0x000000011a0abd90 code [0x000000011a0abf40, 0x000000011a0abff0]
Event: 10.898 Thread 0x00007fdeaa8a8000 3047       1       javafx.scene.input.MouseEvent::getSceneY (5 bytes)
Event: 10.899 Thread 0x00007fdeaa8a8000 nmethod 3047 0x000000011a0ac090 code [0x000000011a0ac240, 0x000000011a0ac2f0]
Event: 10.899 Thread 0x00007fdeaa8a8000 3048       1       javafx.scene.input.PickResult::getIntersectedNode (5 bytes)
Event: 10.899 Thread 0x00007fdeaa8a8000 nmethod 3048 0x000000011a0ac390 code [0x000000011a0ac540, 0x000000011a0ac5f0]
Event: 10.899 Thread 0x00007fdeaa8a8000 3028       1       javafx.scene.Scene::access$6700 (5 bytes)
Event: 10.900 Thread 0x00007fdeaa8a8000 nmethod 3028 0x000000011a0ac690 code [0x000000011a0ac840, 0x000000011a0ac8d0]
Event: 10.900 Thread 0x00007fdeaa8a8000 3056       1       com.sun.javafx.scene.NodeEventDispatcher::getFirstDispatcher (5 bytes)
Event: 10.900 Thread 0x00007fdeaa8a8000 nmethod 3056 0x000000011a0ac990 code [0x000000011a0acb40, 0x000000011a0acbf0]
Event: 10.900 Thread 0x00007fdeaa8a8000 3057       1       javafx.scene.input.PickResult::getIntersectedPoint (5 bytes)
Event: 10.900 Thread 0x00007fdeaa8a8000 nmethod 3057 0x000000011a0acc90 code [0x000000011a0ace40, 0x000000011a0acef0]
Event: 10.900 Thread 0x00007fdeaa8a8000 3055       1       java.util.EventObject::getSource (5 bytes)
Event: 10.900 Thread 0x00007fdeaa8a8000 nmethod 3055 0x000000011a0acf90 code [0x000000011a0ad140, 0x000000011a0ad1f0]

GC Heap History (8 events):
Event: 0.670 GC heap before
{Heap before GC invocations=0 (full 0):
 garbage-first heap   total 131072K, used 13312K [0x0000000780000000, 0x0000000800000000)
  region size 1024K, 14 young (14336K), 0 survivors (0K)
 Metaspace       used 8950K, capacity 9201K, committed 9472K, reserved 1058816K
  class space    used 889K, capacity 986K, committed 1024K, reserved 1048576K
}
Event: 0.674 GC heap after
{Heap after GC invocations=1 (full 0):
 garbage-first heap   total 131072K, used 3320K [0x0000000780000000, 0x0000000800000000)
  region size 1024K, 2 young (2048K), 2 survivors (2048K)
 Metaspace       used 8950K, capacity 9201K, committed 9472K, reserved 1058816K
  class space    used 889K, capacity 986K, committed 1024K, reserved 1048576K
}
Event: 1.002 GC heap before
{Heap before GC invocations=1 (full 0):
 garbage-first heap   total 131072K, used 8440K [0x0000000780000000, 0x0000000800000000)
  region size 1024K, 8 young (8192K), 2 survivors (2048K)
 Metaspace       used 10475K, capacity 10810K, committed 11008K, reserved 1058816K
  class space    used 1039K, capacity 1182K, committed 1280K, reserved 1048576K
}
Event: 1.009 GC heap after
{Heap after GC invocations=2 (full 0):
 garbage-first heap   total 131072K, used 3646K [0x0000000780000000, 0x0000000800000000)
  region size 1024K, 1 young (1024K), 1 survivors (1024K)
 Metaspace       used 10475K, capacity 10810K, committed 11008K, reserved 1058816K
  class space    used 1039K, capacity 1182K, committed 1280K, reserved 1048576K
}
Event: 1.955 GC heap before
{Heap before GC invocations=2 (full 0):
 garbage-first heap   total 131072K, used 25150K [0x0000000780000000, 0x0000000800000000)
  region size 1024K, 24 young (24576K), 1 survivors (1024K)
 Metaspace       used 20557K, capacity 21107K, committed 21248K, reserved 1069056K
  class space    used 2282K, capacity 2536K, committed 2560K, reserved 1048576K
}
Event: 1.960 GC heap after
{Heap after GC invocations=3 (full 0):
 garbage-first heap   total 131072K, used 7239K [0x0000000780000000, 0x0000000800000000)
  region size 1024K, 4 young (4096K), 4 survivors (4096K)
 Metaspace       used 20557K, capacity 21107K, committed 21248K, reserved 1069056K
  class space    used 2282K, capacity 2536K, committed 2560K, reserved 1048576K
}
Event: 10.113 GC heap before
{Heap before GC invocations=4 (full 0):
 garbage-first heap   total 131072K, used 41031K [0x0000000780000000, 0x0000000800000000)
  region size 1024K, 36 young (36864K), 4 survivors (4096K)
 Metaspace       used 28435K, capacity 29465K, committed 29696K, reserved 1075200K
  class space    used 3625K, capacity 4039K, committed 4096K, reserved 1048576K
}
Event: 10.121 GC heap after
{Heap after GC invocations=5 (full 0):
 garbage-first heap   total 131072K, used 13947K [0x0000000780000000, 0x0000000800000000)
  region size 1024K, 5 young (5120K), 5 survivors (5120K)
 Metaspace       used 28435K, capacity 29465K, committed 29696K, reserved 1075200K
  class space    used 3625K, capacity 4039K, committed 4096K, reserved 1048576K
}

Deoptimization events (20 events):
Event: 9.904 Thread 0x00007fdeac35d000 DEOPT PACKING pc=0x000000011a08f330 sp=0x00007ff7bd33c370
Event: 9.904 Thread 0x00007fdeac35d000 DEOPT UNPACKING pc=0x00000001124ea7a5 sp=0x00007ff7bd33c328 mode 2
Event: 9.916 Thread 0x00007fdeac35d000 Uncommon trap: trap_request=0xffffffbe fr.pc=0x000000011a08f330 relative=0x0000000000000750
Event: 9.916 Thread 0x00007fdeac35d000 Uncommon trap: reason=profile_predicate action=maybe_recompile pc=0x000000011a08f330 method=java.lang.PublicMethods$MethodList.filter([Ljava/lang/reflect/Method;Ljava/lang/String;[Ljava/lang/Class;Z)Ljava/lang/PublicMethods$MethodList; @ 21 c2
Event: 9.916 Thread 0x00007fdeac35d000 DEOPT PACKING pc=0x000000011a08f330 sp=0x00007ff7bd33c730
Event: 9.916 Thread 0x00007fdeac35d000 DEOPT UNPACKING pc=0x00000001124ea7a5 sp=0x00007ff7bd33c6e8 mode 2
Event: 9.917 Thread 0x00007fdeac35d000 Uncommon trap: trap_request=0xffffffbe fr.pc=0x000000011a08f330 relative=0x0000000000000750
Event: 9.917 Thread 0x00007fdeac35d000 Uncommon trap: reason=profile_predicate action=maybe_recompile pc=0x000000011a08f330 method=java.lang.PublicMethods$MethodList.filter([Ljava/lang/reflect/Method;Ljava/lang/String;[Ljava/lang/Class;Z)Ljava/lang/PublicMethods$MethodList; @ 21 c2
Event: 9.917 Thread 0x00007fdeac35d000 DEOPT PACKING pc=0x000000011a08f330 sp=0x00007ff7bd33c730
Event: 9.917 Thread 0x00007fdeac35d000 DEOPT UNPACKING pc=0x00000001124ea7a5 sp=0x00007ff7bd33c6e8 mode 2
Event: 10.039 Thread 0x00007fdeac35d000 DEOPT PACKING pc=0x0000000112ad9c88 sp=0x00007ff7bd33c150
Event: 10.039 Thread 0x00007fdeac35d000 DEOPT UNPACKING pc=0x00000001124ea5ba sp=0x00007ff7bd33b5c0 mode 0
Event: 10.107 Thread 0x00007fdeac35d000 Uncommon trap: trap_request=0xffffffbe fr.pc=0x000000011a08f330 relative=0x0000000000000750
Event: 10.107 Thread 0x00007fdeac35d000 Uncommon trap: reason=profile_predicate action=maybe_recompile pc=0x000000011a08f330 method=java.lang.PublicMethods$MethodList.filter([Ljava/lang/reflect/Method;Ljava/lang/String;[Ljava/lang/Class;Z)Ljava/lang/PublicMethods$MethodList; @ 21 c2
Event: 10.107 Thread 0x00007fdeac35d000 DEOPT PACKING pc=0x000000011a08f330 sp=0x00007ff7bd33bbe0
Event: 10.107 Thread 0x00007fdeac35d000 DEOPT UNPACKING pc=0x00000001124ea7a5 sp=0x00007ff7bd33bb98 mode 2
Event: 10.122 Thread 0x00007fdeac35d000 Uncommon trap: trap_request=0xffffff4d fr.pc=0x000000011a02b3d8 relative=0x0000000000000318
Event: 10.122 Thread 0x00007fdeac35d000 Uncommon trap: reason=unstable_if action=reinterpret pc=0x000000011a02b3d8 method=java.util.WeakHashMap.expungeStaleEntries()V @ 9 c2
Event: 10.122 Thread 0x00007fdeac35d000 DEOPT PACKING pc=0x000000011a02b3d8 sp=0x00007ff7bd33c1f0
Event: 10.122 Thread 0x00007fdeac35d000 DEOPT UNPACKING pc=0x00000001124ea7a5 sp=0x00007ff7bd33c178 mode 2

Classes redefined (0 events):
No events

Internal exceptions (20 events):
Event: 1.703 Thread 0x00007fdeac35d000 Exception <a 'java/lang/NoSuchMethodError'{0x0000000786c16950}: 'java.lang.Object java.lang.invoke.DirectMethodHandle$Holder.invokeSpecial(java.lang.Object, java.lang.Object, java.lang.Object, int, java.lang.Object)'> (0x0000000786c16950) thrown at [./src/hotspot/share/interpreter/linkResolver.cpp, line 773]
Event: 1.704 Thread 0x00007fdeac35d000 Exception <a 'java/lang/NoSuchMethodError'{0x0000000786c20b50}: 'java.lang.Object java.lang.invoke.Invokers$Holder.linkToTargetMethod(java.lang.Object, int, java.lang.Object, java.lang.Object)'> (0x0000000786c20b50) thrown at [./src/hotspot/share/interpreter/linkResolver.cpp, line 773]
Event: 1.722 Thread 0x00007fdeac35d000 Exception <a 'java/lang/NoSuchMethodError'{0x0000000786b073a0}: 'java.lang.Object java.lang.invoke.DirectMethodHandle$Holder.invokeStatic(java.lang.Object, java.lang.Object, java.lang.Object, java.lang.Object, java.lang.Object, java.lang.Object, java.lang.Object, java.lang.Object, java.lang.Object, java.lang.Object, java.lang.Object, int, int, java.lang.Object, java.lang.Object)'> (0x0000000786b073a0) thrown at [./src/hotspot/share/interpreter/linkResolver.cpp, line 773]
Event: 2.006 Thread 0x00007fdeac35d000 Exception <a 'java/lang/NoSuchMethodError'{0x0000000787dada60}: 'void java.lang.invoke.DirectMethodHandle$Holder.invokeStaticInit(java.lang.Object, java.lang.Object)'> (0x0000000787dada60) thrown at [./src/hotspot/share/interpreter/linkResolver.cpp, line 773]
Event: 2.055 Thread 0x00007fdeac35d000 Exception <a 'java/io/FileNotFoundException'{0x0000000787bb2a08}> (0x0000000787bb2a08) thrown at [./src/hotspot/share/prims/jni.cpp, line 615]
Event: 2.112 Thread 0x00007fdeac35d000 Implicit null exception at 0x000000011a017f95 to 0x000000011a018460
Event: 2.112 Thread 0x00007fdeac35d000 Implicit null exception at 0x0000000119fb0878 to 0x0000000119fb0906
Event: 2.116 Thread 0x00007fdeac35d000 Implicit null exception at 0x0000000119faf02f to 0x0000000119faf0a9
Event: 2.282 Thread 0x00007fdeac35d000 Exception <a 'java/lang/ClassNotFoundException'{0x00000007872ce048}: com/sun/javafx/scene/control/skin/resources/controls> (0x00000007872ce048) thrown at [./src/hotspot/share/prims/jni.cpp, line 636]
Event: 2.283 Thread 0x00007fdeac35d000 Exception <a 'java/lang/ClassNotFoundException'{0x00000007872dbb98}: com/sun/javafx/scene/control/skin/resources/controls_en> (0x00000007872dbb98) thrown at [./src/hotspot/share/prims/jni.cpp, line 636]
Event: 2.284 Thread 0x00007fdeac35d000 Exception <a 'java/lang/ClassNotFoundException'{0x00000007872dec30}: com/sun/javafx/scene/control/skin/resources/controls_en_US> (0x00000007872dec30) thrown at [./src/hotspot/share/prims/jni.cpp, line 636]
Event: 2.316 Thread 0x00007fdeac35d000 Exception <a 'java/lang/NoSuchMethodError'{0x000000078708fdf0}: 'void java.lang.invoke.DirectMethodHandle$Holder.invokeSpecial(java.lang.Object, java.lang.Object, java.lang.Object, java.lang.Object, java.lang.Object, java.lang.Object)'> (0x000000078708fdf0) thrown at [./src/hotspot/share/interpreter/linkResolver.cpp, line 773]
Event: 2.340 Thread 0x00007fdeac35d000 Exception <a 'java/lang/NoSuchMethodError'{0x0000000786edc800}: 'java.lang.Object java.lang.invoke.DirectMethodHandle$Holder.invokeInterface(java.lang.Object, java.lang.Object, java.lang.Object)'> (0x0000000786edc800) thrown at [./src/hotspot/share/interpreter/linkResolver.cpp, line 773]
Event: 2.341 Thread 0x00007fdeac35d000 Exception <a 'java/lang/IncompatibleClassChangeError'{0x0000000786edf9b8}: Found class java.lang.Object, but interface was expected> (0x0000000786edf9b8) thrown at [./src/hotspot/share/interpreter/linkResolver.cpp, line 839]
Event: 2.419 Thread 0x00007fdeac35d000 Exception <a 'java/lang/NoSuchMethodError'{0x0000000786b17450}: 'long java.lang.invoke.DirectMethodHandle$Holder.invokeStaticInit(java.lang.Object, java.lang.Object, java.lang.Object)'> (0x0000000786b17450) thrown at [./src/hotspot/share/interpreter/linkResolver.cpp, line 773]
Event: 2.421 Thread 0x00007fdeac35d000 Exception <a 'java/lang/NoSuchMethodError'{0x0000000786b2f958}: 'java.lang.Object java.lang.invoke.DirectMethodHandle$Holder.invokeStatic(java.lang.Object, java.lang.Object, long)'> (0x0000000786b2f958) thrown at [./src/hotspot/share/interpreter/linkResolver.cpp, line 773]
Event: 2.421 Thread 0x00007fdeac35d000 Exception <a 'java/lang/NoSuchMethodError'{0x0000000786b35ad0}: 'java.lang.Object java.lang.invoke.Invokers$Holder.linkToTargetMethod(java.lang.Object, long, java.lang.Object)'> (0x0000000786b35ad0) thrown at [./src/hotspot/share/interpreter/linkResolver.cpp, line 773]
Event: 2.439 Thread 0x00007fdeaab9f000 Exception <a 'java/lang/NoSuchMethodError'{0x0000000786be3460}: 'int java.lang.invoke.DirectMethodHandle$Holder.invokeStaticInit(java.lang.Object, java.lang.Object)'> (0x0000000786be3460) thrown at [./src/hotspot/share/interpreter/linkResolver.cpp, line 773]
Event: 9.889 Thread 0x00007fdeac35d000 Exception <a 'java/io/FileNotFoundException'{0x000000078627a6a8}> (0x000000078627a6a8) thrown at [./src/hotspot/share/prims/jni.cpp, line 615]
Event: 10.071 Thread 0x00007fdeac35d000 Exception <a 'java/lang/NoSuchMethodError'{0x0000000785d73e08}: 'void java.lang.invoke.DirectMethodHandle$Holder.invokeSpecialIFC(java.lang.Object, java.lang.Object, java.lang.Object, java.lang.Object)'> (0x0000000785d73e08) thrown at [./src/hotspot/share/interpreter/linkResolver.cpp, line 773]

Events (20 events):
Event: 10.487 loading class com/sun/glass/ui/TouchInputSupport done
Event: 10.487 loading class com/sun/glass/ui/GestureSupport
Event: 10.487 loading class com/sun/glass/ui/GestureSupport done
Event: 10.810 loading class com/sun/javafx/tk/quantum/WindowStage
Event: 10.810 loading class com/sun/javafx/tk/quantum/WindowStage done
Event: 10.821 loading class javafx/beans/Observable
Event: 10.821 loading class javafx/beans/Observable done
Event: 10.821 loading class javafx/beans/Observable
Event: 10.821 loading class javafx/beans/Observable done
Event: 10.821 loading class javafx/animation/SequentialTransition
Event: 10.821 loading class javafx/animation/SequentialTransition done
Event: 10.822 loading class javafx/event/Event
Event: 10.822 loading class javafx/event/Event done
Event: 10.822 loading class javafx/event/ActionEvent
Event: 10.822 loading class javafx/event/ActionEvent done
Event: 10.822 loading class javafx/event/ActionEvent
Event: 10.822 loading class javafx/event/ActionEvent done
Event: 10.822 loading class com/sun/javafx/tk/quantum/OverlayWarning
Event: 10.822 loading class com/sun/javafx/tk/quantum/OverlayWarning done
Event: 10.900 Executing VM operation: RevokeBias


Dynamic libraries:
0x0000000102cdc000 	/Library/Java/JavaVirtualMachines/adoptopenjdk-11.jdk/Contents/Home/lib/jli/libjli.dylib
0x00007ff81f82d000 	/System/Library/Frameworks/Cocoa.framework/Versions/A/Cocoa
0x00007ff80b66b000 	/System/Library/Frameworks/AppKit.framework/Versions/C/AppKit
0x00007ff80eb58000 	/System/Library/Frameworks/CoreData.framework/Versions/A/CoreData
0x00007ff809a86000 	/System/Library/Frameworks/Foundation.framework/Versions/C/Foundation
0x00007ff8139cd000 	/usr/lib/libSystem.B.dylib
0x00007ff80c4f8000 	/System/Library/PrivateFrameworks/UIFoundation.framework/Versions/A/UIFoundation
0x00007ff819805000 	/System/Library/PrivateFrameworks/RemoteViewServices.framework/Versions/A/RemoteViewServices
0x00007ff811b79000 	/System/Library/PrivateFrameworks/XCTTargetBootstrap.framework/Versions/A/XCTTargetBootstrap
0x00007ff8157dc000 	/System/Library/PrivateFrameworks/InternationalSupport.framework/Versions/A/InternationalSupport
0x00007ff815866000 	/System/Library/PrivateFrameworks/UserActivity.framework/Versions/A/UserActivity
0x00007ff814bbc000 	/usr/lib/libspindump.dylib
0x00007ff80c786000 	/System/Library/Frameworks/UniformTypeIdentifiers.framework/Versions/A/UniformTypeIdentifiers
0x00007ff8102b8000 	/usr/lib/libapp_launch_measurement.dylib
0x00007ff80f522000 	/System/Library/PrivateFrameworks/CoreAnalytics.framework/Versions/A/CoreAnalytics
0x00007ff8102bb000 	/System/Library/PrivateFrameworks/CoreAutoLayout.framework/Versions/A/CoreAutoLayout
0x00007ff8114da000 	/System/Library/Frameworks/Metal.framework/Versions/A/Metal
0x00007ff8121ef000 	/usr/lib/liblangid.dylib
0x00007ff811b7d000 	/System/Library/PrivateFrameworks/CoreSVG.framework/Versions/A/CoreSVG
0x00007ff80db48000 	/System/Library/PrivateFrameworks/SkyLight.framework/Versions/A/SkyLight
0x00007ff80ded9000 	/System/Library/Frameworks/CoreGraphics.framework/Versions/A/CoreGraphics
0x00007ff819e70000 	/System/Library/Frameworks/Accelerate.framework/Versions/A/Accelerate
0x00007ff814637000 	/System/Library/PrivateFrameworks/IconServices.framework/Versions/A/IconServices
0x00007ff8114bf000 	/System/Library/Frameworks/IOSurface.framework/Versions/A/IOSurface
0x00007ff80f550000 	/usr/lib/libDiagnosticMessagesClient.dylib
0x00007ff8138ed000 	/usr/lib/libz.1.dylib
0x00007ff81d4cf000 	/System/Library/Frameworks/ApplicationServices.framework/Versions/A/ApplicationServices
0x00007ff811b65000 	/System/Library/PrivateFrameworks/DFRFoundation.framework/Versions/A/DFRFoundation
0x00007ff80af5c000 	/usr/lib/libicucore.A.dylib
0x00007ff8164fe000 	/System/Library/Frameworks/AudioToolbox.framework/Versions/A/AudioToolbox
0x00007ff8157e8000 	/System/Library/PrivateFrameworks/DataDetectorsCore.framework/Versions/A/DataDetectorsCore
0x00007ff91102e000 	/System/Library/PrivateFrameworks/TextInput.framework/Versions/A/TextInput
0x00007ff80dacb000 	/usr/lib/libMobileGestalt.dylib
0x00007ff81186d000 	/System/Library/Frameworks/Carbon.framework/Versions/A/Frameworks/HIToolbox.framework/Versions/A/HIToolbox
0x00007ff80fce6000 	/System/Library/Frameworks/QuartzCore.framework/Versions/A/QuartzCore
0x00007ff80abfd000 	/System/Library/Frameworks/Security.framework/Versions/A/Security
0x00007ff81983d000 	/System/Library/Frameworks/Carbon.framework/Versions/A/Frameworks/SpeechRecognition.framework/Versions/A/SpeechRecognition
0x00007ff810018000 	/System/Library/PrivateFrameworks/CoreUI.framework/Versions/A/CoreUI
0x00007ff80a4d7000 	/System/Library/Frameworks/CoreAudio.framework/Versions/A/CoreAudio
0x00007ff80f63e000 	/System/Library/Frameworks/DiskArbitration.framework/Versions/A/DiskArbitration
0x00007ff814fa3000 	/System/Library/PrivateFrameworks/MultitouchSupport.framework/Versions/A/MultitouchSupport
0x00007ff80daca000 	/usr/lib/libenergytrace.dylib
0x00007ff80b557000 	/System/Library/Frameworks/IOKit.framework/Versions/A/IOKit
0x00007ff819c27000 	/System/Library/Frameworks/CoreServices.framework/Versions/A/CoreServices
0x00007ff810252000 	/System/Library/PrivateFrameworks/PerformanceAnalysis.framework/Versions/A/PerformanceAnalysis
0x00007ffa205ef000 	/System/Library/Frameworks/OpenGL.framework/Versions/A/OpenGL
0x00007ff812f25000 	/System/Library/PrivateFrameworks/MobileKeyBag.framework/Versions/A/MobileKeyBag
0x00007ff808a47000 	/usr/lib/libobjc.A.dylib
0x00007ff80e5a5000 	/System/Library/Frameworks/ColorSync.framework/Versions/A/ColorSync
0x00007ff808c00000 	/System/Library/Frameworks/CoreFoundation.framework/Versions/A/CoreFoundation
0x00007ff811df6000 	/System/Library/Frameworks/CoreImage.framework/Versions/A/CoreImage
0x00007ff80a2ed000 	/System/Library/Frameworks/CoreText.framework/Versions/A/CoreText
0x00007ff811bac000 	/System/Library/Frameworks/ImageIO.framework/Versions/A/ImageIO
0x00007ff8139d3000 	/System/Library/PrivateFrameworks/SoftLinking.framework/Versions/A/SoftLinking
0x00007ff810303000 	/usr/lib/libxml2.2.dylib
0x00007ff808b0d000 	/usr/lib/libc++.1.dylib
0x00007ff813c56000 	/usr/lib/libcompression.dylib
0x00007ff815712000 	/System/Library/PrivateFrameworks/TextureIO.framework/Versions/A/TextureIO
0x00007ff814349000 	/usr/lib/libate.dylib
0x00007ff8139c8000 	/usr/lib/system/libcache.dylib
0x00007ff813984000 	/usr/lib/system/libcommonCrypto.dylib
0x00007ff8139ad000 	/usr/lib/system/libcompiler_rt.dylib
0x00007ff8139a3000 	/usr/lib/system/libcopyfile.dylib
0x00007ff808941000 	/usr/lib/system/libcorecrypto.dylib
0x00007ff808a00000 	/usr/lib/system/libdispatch.dylib
0x00007ff808bbf000 	/usr/lib/system/libdyld.dylib
0x00007ff8139bf000 	/usr/lib/system/libkeymgr.dylib
0x00007ff813962000 	/usr/lib/system/libmacho.dylib
0x00007ff812ff9000 	/usr/lib/system/libquarantine.dylib
0x00007ff8139bd000 	/usr/lib/system/libremovefile.dylib
0x00007ff80db17000 	/usr/lib/system/libsystem_asl.dylib
0x00007ff8088ef000 	/usr/lib/system/libsystem_blocks.dylib
0x00007ff808a84000 	/usr/lib/system/libsystem_c.dylib
0x00007ff8139b5000 	/usr/lib/system/libsystem_collections.dylib
0x00007ff8121e0000 	/usr/lib/system/libsystem_configuration.dylib
0x00007ff8114a2000 	/usr/lib/system/libsystem_containermanager.dylib
0x00007ff8136a1000 	/usr/lib/system/libsystem_coreservices.dylib
0x00007ff80b1e5000 	/usr/lib/system/libsystem_darwin.dylib
0x00007ff8139c0000 	/usr/lib/system/libsystem_dnssd.dylib
0x00007ff808a81000 	/usr/lib/system/libsystem_featureflags.dylib
0x00007ff808bd5000 	/usr/lib/system/libsystem_info.dylib
0x00007ff813900000 	/usr/lib/system/libsystem_m.dylib
0x00007ff8089d4000 	/usr/lib/system/libsystem_malloc.dylib
0x00007ff80dab4000 	/usr/lib/system/libsystem_networkextension.dylib
0x00007ff80b60d000 	/usr/lib/system/libsystem_notify.dylib
0x00007ff819afe000 	/usr/lib/system/libsystem_product_info_filter.dylib
0x00007ff8121e4000 	/usr/lib/system/libsystem_sandbox.dylib
0x00007ff8139ba000 	/usr/lib/system/libsystem_secinit.dylib
0x00007ff808b7c000 	/usr/lib/system/libsystem_kernel.dylib
0x00007ff808bcb000 	/usr/lib/system/libsystem_platform.dylib
0x00007ff808bb3000 	/usr/lib/system/libsystem_pthread.dylib
0x00007ff80f368000 	/usr/lib/system/libsystem_symptoms.dylib
0x00007ff808928000 	/usr/lib/system/libsystem_trace.dylib
0x00007ff813990000 	/usr/lib/system/libunwind.dylib
0x00007ff8088f1000 	/usr/lib/system/libxpc.dylib
0x00007ff808b66000 	/usr/lib/libc++abi.dylib
0x00007ff81399b000 	/usr/lib/liboah.dylib
0x00007ff814127000 	/usr/lib/liblzma.5.dylib
0x00007ff809797000 	/System/Library/Frameworks/SystemConfiguration.framework/Versions/A/SystemConfiguration
0x00007ff8139cf000 	/usr/lib/libfakelink.dylib
0x00007ff80d61e000 	/System/Library/Frameworks/CFNetwork.framework/Versions/A/CFNetwork
0x00007ff813b0e000 	/usr/lib/libarchive.2.dylib
0x00007ff8121eb000 	/System/Library/PrivateFrameworks/AppleSystemInfo.framework/Versions/A/AppleSystemInfo
0x00007ff81301f000 	/usr/lib/libbsm.0.dylib
0x00007ff80cc55000 	/usr/lib/libnetwork.dylib
0x00007ff813968000 	/usr/lib/system/libkxld.dylib
0x00007ff812c4e000 	/System/Library/PrivateFrameworks/IOMobileFramebuffer.framework/Versions/A/IOMobileFramebuffer
0x00007ffb1e0d8000 	/usr/lib/libCoreEntitlements.dylib
0x00007ff813683000 	/System/Library/PrivateFrameworks/AppleFSCompression.framework/Versions/A/AppleFSCompression
0x00007ff813008000 	/usr/lib/libcoretls.dylib
0x00007ff814141000 	/usr/lib/libcoretls_cfhelpers.dylib
0x00007ff813c51000 	/usr/lib/libpam.2.dylib
0x00007ff80ef8a000 	/usr/lib/libsqlite3.dylib
0x00007ff8141b0000 	/usr/lib/libxar.1.dylib
0x00007ff813693000 	/usr/lib/libbz2.1.0.dylib
0x00007ff8139d4000 	/usr/lib/libpcap.A.dylib
0x00007ff80f35f000 	/usr/lib/libdns_services.dylib
0x00007ff813c20000 	/usr/lib/libapple_nghttp2.dylib
0x00007ff813a0b000 	/usr/lib/libiconv.2.dylib
0x00007ff813961000 	/usr/lib/libcharset.1.dylib
0x00007ff810286000 	/System/Library/Frameworks/CoreServices.framework/Versions/A/Frameworks/FSEvents.framework/Versions/A/FSEvents
0x00007ff80b1ef000 	/System/Library/Frameworks/CoreServices.framework/Versions/A/Frameworks/CarbonCore.framework/Versions/A/CarbonCore
0x00007ff80f5a3000 	/System/Library/Frameworks/CoreServices.framework/Versions/A/Frameworks/Metadata.framework/Versions/A/Metadata
0x00007ff8136a6000 	/System/Library/Frameworks/CoreServices.framework/Versions/A/Frameworks/OSServices.framework/Versions/A/OSServices
0x00007ff813b94000 	/System/Library/Frameworks/CoreServices.framework/Versions/A/Frameworks/SearchKit.framework/Versions/A/SearchKit
0x00007ff80f2f1000 	/System/Library/Frameworks/CoreServices.framework/Versions/A/Frameworks/AE.framework/Versions/A/AE
0x00007ff809103000 	/System/Library/Frameworks/CoreServices.framework/Versions/A/Frameworks/LaunchServices.framework/Versions/A/LaunchServices
0x00007ff8140d8000 	/System/Library/Frameworks/CoreServices.framework/Versions/A/Frameworks/DictionaryServices.framework/Versions/A/DictionaryServices
0x00007ff810293000 	/System/Library/Frameworks/CoreServices.framework/Versions/A/Frameworks/SharedFileList.framework/Versions/A/SharedFileList
0x00007ff812ffc000 	/usr/lib/libCheckFix.dylib
0x00007ff80db2e000 	/System/Library/PrivateFrameworks/TCC.framework/Versions/A/TCC
0x00007ff8121f1000 	/System/Library/PrivateFrameworks/CoreNLP.framework/Versions/A/CoreNLP
0x00007ff80f553000 	/System/Library/PrivateFrameworks/MetadataUtilities.framework/Versions/A/MetadataUtilities
0x00007ff809847000 	/usr/lib/libmecabra.dylib
0x00007ff81302f000 	/usr/lib/libmecab.dylib
0x00007ff809812000 	/usr/lib/libCRFSuite.dylib
0x00007ff81308c000 	/usr/lib/libgermantok.dylib
0x00007ff813bfb000 	/usr/lib/libThaiTokenizer.dylib
0x00007ff80f645000 	/System/Library/Frameworks/Accelerate.framework/Versions/A/Frameworks/vImage.framework/Versions/A/vImage
0x00007ff819bfe000 	/System/Library/Frameworks/Accelerate.framework/Versions/A/Frameworks/vecLib.framework/Versions/A/vecLib
0x00007ff8141f1000 	/System/Library/Frameworks/Accelerate.framework/Versions/A/Frameworks/vecLib.framework/Versions/A/libvMisc.dylib
0x00007ff812a6c000 	/System/Library/Frameworks/Accelerate.framework/Versions/A/Frameworks/vecLib.framework/Versions/A/libvDSP.dylib
0x00007ff80947b000 	/System/Library/Frameworks/Accelerate.framework/Versions/A/Frameworks/vecLib.framework/Versions/A/libBLAS.dylib
0x00007ff813d32000 	/System/Library/Frameworks/Accelerate.framework/Versions/A/Frameworks/vecLib.framework/Versions/A/libLAPACK.dylib
0x00007ff81308f000 	/System/Library/Frameworks/Accelerate.framework/Versions/A/Frameworks/vecLib.framework/Versions/A/libLinearAlgebra.dylib
0x00007ff813c39000 	/System/Library/Frameworks/Accelerate.framework/Versions/A/Frameworks/vecLib.framework/Versions/A/libSparseBLAS.dylib
0x00007ff813d2c000 	/System/Library/Frameworks/Accelerate.framework/Versions/A/Frameworks/vecLib.framework/Versions/A/libQuadrature.dylib
0x00007ff8122db000 	/System/Library/Frameworks/Accelerate.framework/Versions/A/Frameworks/vecLib.framework/Versions/A/libBNNS.dylib
0x00007ff809728000 	/System/Library/Frameworks/Accelerate.framework/Versions/A/Frameworks/vecLib.framework/Versions/A/libSparse.dylib
0x00007ff8122d4000 	/System/Library/PrivateFrameworks/LinguisticData.framework/Versions/A/LinguisticData
0x00007ff8096dd000 	/System/Library/PrivateFrameworks/Lexicon.framework/Versions/A/Lexicon
0x00007ff8141ea000 	/usr/lib/libChineseTokenizer.dylib
0x00007ff809e41000 	/System/Library/PrivateFrameworks/LanguageModeling.framework/Versions/A/LanguageModeling
0x00007ff813bfd000 	/System/Library/PrivateFrameworks/AppleSauce.framework/Versions/A/AppleSauce
0x00007ff812c3c000 	/System/Library/PrivateFrameworks/CoreEmoji.framework/Versions/A/CoreEmoji
0x00007ff813afd000 	/usr/lib/libcmph.dylib
0x00007ff81026a000 	/System/Library/Frameworks/OpenDirectory.framework/Versions/A/Frameworks/CFOpenDirectory.framework/Versions/A/CFOpenDirectory
0x00007ff81025e000 	/System/Library/Frameworks/OpenDirectory.framework/Versions/A/OpenDirectory
0x00007ff814143000 	/System/Library/PrivateFrameworks/APFS.framework/Versions/A/APFS
0x00007ff812f5d000 	/System/Library/Frameworks/SecurityFoundation.framework/Versions/A/SecurityFoundation
0x00007ff8141be000 	/usr/lib/libutil.dylib
0x00007ff80b51a000 	/System/Library/PrivateFrameworks/CoreServicesStore.framework/Versions/A/CoreServicesStore
0x00007ff8141c2000 	/usr/lib/libxslt.1.dylib
0x00007ff812fea000 	/System/Library/PrivateFrameworks/BackgroundTaskManagement.framework/Versions/A/BackgroundTaskManagement
0x00007ff815632000 	/System/Library/Frameworks/ImageIO.framework/Versions/A/Resources/libRadiance.dylib
0x00007ff81563b000 	/System/Library/Frameworks/ImageIO.framework/Versions/A/Resources/libJPEG.dylib
0x00007ff81558b000 	/System/Library/Frameworks/ImageIO.framework/Versions/A/Resources/libPng.dylib
0x00007ff8155ac000 	/System/Library/Frameworks/ImageIO.framework/Versions/A/Resources/libTIFF.dylib
0x00007ff81569b000 	/System/Library/Frameworks/ImageIO.framework/Versions/A/Resources/libGIF.dylib
0x00007ff814ebc000 	/System/Library/Frameworks/ImageIO.framework/Versions/A/Resources/libJP2.dylib
0x00007ff8145fe000 	/usr/lib/libexpat.1.dylib
0x00007ff814e71000 	/System/Library/PrivateFrameworks/AppleJPEG.framework/Versions/A/AppleJPEG
0x00007ff811734000 	/System/Library/PrivateFrameworks/FontServices.framework/libFontParser.dylib
0x00007ff80f29b000 	/System/Library/PrivateFrameworks/RunningBoardServices.framework/Versions/A/RunningBoardServices
0x00007ff81fd9e000 	/System/Library/PrivateFrameworks/IOSurfaceAccelerator.framework/Versions/A/IOSurfaceAccelerator
0x00007ff814f9f000 	/System/Library/PrivateFrameworks/WatchdogClient.framework/Versions/A/WatchdogClient
0x00007ff809f30000 	/System/Library/Frameworks/CoreDisplay.framework/Versions/A/CoreDisplay
0x00007ff811634000 	/System/Library/Frameworks/CoreMedia.framework/Versions/A/CoreMedia
0x00007ff8114d1000 	/System/Library/PrivateFrameworks/IOAccelerator.framework/Versions/A/IOAccelerator
0x00007ff8103e6000 	/System/Library/Frameworks/CoreVideo.framework/Versions/A/CoreVideo
0x00007ff813c4f000 	/System/Library/Frameworks/MetalPerformanceShaders.framework/Versions/A/MetalPerformanceShaders
0x00007ff814fda000 	/System/Library/Frameworks/VideoToolbox.framework/Versions/A/VideoToolbox
0x00007ff80f1e3000 	/System/Library/PrivateFrameworks/BaseBoard.framework/Versions/A/BaseBoard
0x00007ff80ef70000 	/System/Library/PrivateFrameworks/ProtocolBuffer.framework/Versions/A/ProtocolBuffer
0x00007ff81562b000 	/System/Library/PrivateFrameworks/GPUWrangler.framework/Versions/A/GPUWrangler
0x00007ff81560e000 	/System/Library/PrivateFrameworks/IOPresentment.framework/Versions/A/IOPresentment
0x00007ff815635000 	/System/Library/PrivateFrameworks/DSExternalDisplay.framework/Versions/A/DSExternalDisplay
0x00007ffa205e3000 	/System/Library/Frameworks/OpenGL.framework/Versions/A/Libraries/libCoreFSCache.dylib
0x00007ffb0c6d7000 	/System/Library/PrivateFrameworks/GPUCompiler.framework/Versions/31001/Libraries/libGPUCompilerUtils.dylib
0x00007ff8156a0000 	/System/Library/PrivateFrameworks/CMCaptureCore.framework/Versions/A/CMCaptureCore
0x00007ff814baa000 	/System/Library/PrivateFrameworks/AppServerSupport.framework/Versions/A/AppServerSupport
0x00007ff816d7b000 	/System/Library/PrivateFrameworks/perfdata.framework/Versions/A/perfdata
0x00007ff80a05c000 	/System/Library/PrivateFrameworks/AudioToolboxCore.framework/Versions/A/AudioToolboxCore
0x00007ff811611000 	/System/Library/PrivateFrameworks/caulk.framework/Versions/A/caulk
0x00007ff8166a8000 	/usr/lib/libAudioStatistics.dylib
0x00007ff90d8ed000 	/System/Library/PrivateFrameworks/SystemPolicy.framework/Versions/A/SystemPolicy
0x00007ff8168f4000 	/usr/lib/libSMC.dylib
0x00007ff81f6e0000 	/System/Library/Frameworks/CoreMIDI.framework/Versions/A/CoreMIDI
0x00007ff81555b000 	/usr/lib/libAudioToolboxUtility.dylib
0x00007ff909d75000 	/System/Library/PrivateFrameworks/OSAServicesClient.framework/Versions/A/OSAServicesClient
0x00007ff816d88000 	/usr/lib/libperfcheck.dylib
0x00007ff90e379000 	/usr/lib/libmis.dylib
0x00007ffa2063f000 	/System/Library/Frameworks/OpenGL.framework/Versions/A/Libraries/libGLU.dylib
0x00007ffa20602000 	/System/Library/Frameworks/OpenGL.framework/Versions/A/Libraries/libGFXShared.dylib
0x00007ffa20810000 	/System/Library/Frameworks/OpenGL.framework/Versions/A/Libraries/libGL.dylib
0x00007ffa2060b000 	/System/Library/Frameworks/OpenGL.framework/Versions/A/Libraries/libGLImage.dylib
0x00007ffa205ff000 	/System/Library/Frameworks/OpenGL.framework/Versions/A/Libraries/libCVMSPluginSupport.dylib
0x00007ffa205ea000 	/System/Library/Frameworks/OpenGL.framework/Versions/A/Libraries/libCoreVMClient.dylib
0x00007ff81216f000 	/System/Library/Frameworks/MetalPerformanceShaders.framework/Versions/A/Frameworks/MPSCore.framework/Versions/A/MPSCore
0x00007ff8135ee000 	/System/Library/Frameworks/MetalPerformanceShaders.framework/Versions/A/Frameworks/MPSImage.framework/Versions/A/MPSImage
0x00007ff8130a5000 	/System/Library/Frameworks/MetalPerformanceShaders.framework/Versions/A/Frameworks/MPSNeuralNetwork.framework/Versions/A/MPSNeuralNetwork
0x00007ff81351a000 	/System/Library/Frameworks/MetalPerformanceShaders.framework/Versions/A/Frameworks/MPSMatrix.framework/Versions/A/MPSMatrix
0x00007ff8132d6000 	/System/Library/Frameworks/MetalPerformanceShaders.framework/Versions/A/Frameworks/MPSRayIntersector.framework/Versions/A/MPSRayIntersector
0x00007ff813553000 	/System/Library/Frameworks/MetalPerformanceShaders.framework/Versions/A/Frameworks/MPSNDArray.framework/Versions/A/MPSNDArray
0x00007ffa251e8000 	/System/Library/Frameworks/MetalPerformanceShaders.framework/Versions/A/Frameworks/MPSFunctions.framework/Versions/A/MPSFunctions
0x00007ff80935e000 	/System/Library/PrivateFrameworks/MetalTools.framework/Versions/A/MetalTools
0x00007ff8121e9000 	/System/Library/PrivateFrameworks/AggregateDictionary.framework/Versions/A/AggregateDictionary
0x00007ff8143e0000 	/usr/lib/libIOReport.dylib
0x00007ffa21c1f000 	/System/Library/Frameworks/OpenCL.framework/Versions/A/OpenCL
0x00007ff814744000 	/System/Library/PrivateFrameworks/FaceCore.framework/Versions/A/FaceCore
0x00007ff814735000 	/System/Library/PrivateFrameworks/GraphVisualizer.framework/Versions/A/GraphVisualizer
0x00007ffb0c5e2000 	/System/Library/PrivateFrameworks/FontServices.framework/Versions/A/FontServices
0x00007ff814b61000 	/System/Library/PrivateFrameworks/OTSVG.framework/Versions/A/OTSVG
0x00007ff80ffce000 	/System/Library/Frameworks/ApplicationServices.framework/Versions/A/Frameworks/ATS.framework/Versions/A/Resources/libFontRegistry.dylib
0x00007ff814bb2000 	/System/Library/PrivateFrameworks/FontServices.framework/libhvf.dylib
0x00007ffb0c5e3000 	/System/Library/PrivateFrameworks/FontServices.framework/libXTFontStaticRegistryData.dylib
0x00007ff8145ae000 	/System/Library/PrivateFrameworks/AppleVA.framework/Versions/A/AppleVA
0x00007ff8166c8000 	/System/Library/Frameworks/ApplicationServices.framework/Versions/A/Frameworks/ATS.framework/Versions/A/ATS
0x00007ff80e6a1000 	/System/Library/Frameworks/ApplicationServices.framework/Versions/A/Frameworks/HIServices.framework/Versions/A/HIServices
0x00007ff8156aa000 	/System/Library/Frameworks/ApplicationServices.framework/Versions/A/Frameworks/PrintCore.framework/Versions/A/PrintCore
0x00007ff816a47000 	/System/Library/Frameworks/ApplicationServices.framework/Versions/A/Frameworks/QD.framework/Versions/A/QD
0x00007ff816a3f000 	/System/Library/Frameworks/ApplicationServices.framework/Versions/A/Frameworks/ColorSyncLegacy.framework/Versions/A/ColorSyncLegacy
0x00007ff8166b8000 	/System/Library/Frameworks/ApplicationServices.framework/Versions/A/Frameworks/SpeechSynthesis.framework/Versions/A/SpeechSynthesis
0x00007ff81566b000 	/System/Library/Frameworks/ApplicationServices.framework/Versions/A/Frameworks/ATSUI.framework/Versions/A/ATSUI
0x00007ff8169d4000 	/usr/lib/libcups.2.dylib
0x00007ff816d97000 	/System/Library/Frameworks/Kerberos.framework/Versions/A/Kerberos
0x00007ff816da6000 	/System/Library/Frameworks/GSS.framework/Versions/A/GSS
0x00007ff816734000 	/usr/lib/libresolv.9.dylib
0x00007ff814bc1000 	/System/Library/PrivateFrameworks/Heimdal.framework/Versions/A/Heimdal
0x00007ff81d84a000 	/System/Library/Frameworks/Kerberos.framework/Versions/A/Libraries/libHeimdalProxy.dylib
0x00007ff80f370000 	/System/Library/Frameworks/Network.framework/Versions/A/Network
0x00007ff814618000 	/usr/lib/libheimdal-asn1.dylib
0x00007ff816df1000 	/System/Library/PrivateFrameworks/CommonAuth.framework/Versions/A/CommonAuth
0x00007ff816639000 	/System/Library/PrivateFrameworks/AudioSession.framework/Versions/A/AudioSession
0x00007ff8146a8000 	/System/Library/PrivateFrameworks/MediaExperience.framework/Versions/A/MediaExperience
0x00007ff8164cd000 	/System/Library/PrivateFrameworks/AudioSession.framework/libSessionUtility.dylib
0x00007ff816a53000 	/System/Library/PrivateFrameworks/AudioResourceArbitration.framework/Versions/A/AudioResourceArbitration
0x00007ff814621000 	/System/Library/PrivateFrameworks/IconFoundation.framework/Versions/A/IconFoundation
0x00007ff81982d000 	/System/Library/PrivateFrameworks/SpeechRecognitionCore.framework/Versions/A/SpeechRecognitionCore
0x0000000103a8b000 	/Library/Java/JavaVirtualMachines/adoptopenjdk-11.jdk/Contents/Home/lib/server/libjvm.dylib
0x0000000102d0b000 	/Library/Java/JavaVirtualMachines/adoptopenjdk-11.jdk/Contents/Home/lib/libverify.dylib
0x0000000102d48000 	/Library/Java/JavaVirtualMachines/adoptopenjdk-11.jdk/Contents/Home/lib/libjava.dylib
0x0000000102d1c000 	/Library/Java/JavaVirtualMachines/adoptopenjdk-11.jdk/Contents/Home/lib/libjimage.dylib
0x0000000102d38000 	/Library/Java/JavaVirtualMachines/adoptopenjdk-11.jdk/Contents/Home/lib/libinstrument.dylib
0x0000000102db4000 	/Library/Java/JavaVirtualMachines/adoptopenjdk-11.jdk/Contents/Home/lib/libzip.dylib
0x00000001037fa000 	/Library/Java/JavaVirtualMachines/adoptopenjdk-11.jdk/Contents/Home/lib/libnio.dylib
0x0000000103826000 	/Library/Java/JavaVirtualMachines/adoptopenjdk-11.jdk/Contents/Home/lib/libnet.dylib
0x00000001037ef000 	/Library/Java/JavaVirtualMachines/adoptopenjdk-11.jdk/Contents/Home/lib/libextnet.dylib
0x0000000103819000 	/Users/sethfagen/Downloads/javafx-sdk-11.0.2/lib/libprism_es2.dylib
0x00007ff80b4db000 	/System/Library/PrivateFrameworks/CoreServicesInternal.framework/Versions/A/CoreServicesInternal
0x00007ffa2081b000 	/System/Library/Frameworks/OpenGL.framework/Versions/A/Resources/GLEngine.bundle/GLEngine
0x00007ffa2067d000 	/System/Library/Frameworks/OpenGL.framework/Versions/A/Libraries/libGLProgrammability.dylib
0x00007ffa14a46000 	/System/Library/Extensions/AppleIntelKBLGraphicsGLDriver.bundle/Contents/MacOS/AppleIntelKBLGraphicsGLDriver
0x00007ff918162000 	/System/Library/PrivateFrameworks/GPUSupport.framework/Versions/A/Libraries/libGPUSupportMercury.dylib
0x00007ffa209aa000 	/System/Library/Frameworks/OpenGL.framework/Versions/A/Resources/GLRendererFloat.bundle/GLRendererFloat
0x000000010991d000 	/Users/sethfagen/Downloads/javafx-sdk-11.0.2/lib/libglass.dylib
0x00007ff81affe000 	/System/Library/Frameworks/FileProvider.framework/Versions/A/FileProvider
0x00007ff80f14f000 	/System/Library/Frameworks/Accounts.framework/Versions/A/Accounts
0x00007ff81b176000 	/System/Library/PrivateFrameworks/GenerationalStorage.framework/Versions/A/GenerationalStorage
0x00007ff81bc83000 	/System/Library/PrivateFrameworks/CoreSymbolication.framework/Versions/A/CoreSymbolication
0x00007ff81aa02000 	/System/Library/PrivateFrameworks/SymptomDiagnosticReporter.framework/Versions/A/SymptomDiagnosticReporter
0x00007ff80c79a000 	/System/Library/PrivateFrameworks/DesktopServicesPriv.framework/Versions/A/DesktopServicesPriv
0x00007ff80b61c000 	/usr/lib/libsandbox.1.dylib
0x00007ff810464000 	/System/Library/PrivateFrameworks/UserManagement.framework/Versions/A/UserManagement
0x00007ff81bc48000 	/System/Library/PrivateFrameworks/DebugSymbols.framework/Versions/A/DebugSymbols
0x00007ff816a34000 	/System/Library/PrivateFrameworks/NetAuth.framework/Versions/A/NetAuth
0x00007ff817920000 	/System/Library/PrivateFrameworks/Sharing.framework/Versions/A/Sharing
0x00007ff810437000 	/System/Library/PrivateFrameworks/login.framework/Versions/A/Frameworks/loginsupport.framework/Versions/A/loginsupport
0x00007ff81cd80000 	/System/Library/PrivateFrameworks/Apple80211.framework/Versions/A/Apple80211
0x00007ff8136d3000 	/System/Library/PrivateFrameworks/AuthKit.framework/Versions/A/AuthKit
0x00007ff812d32000 	/System/Library/PrivateFrameworks/CoreUtils.framework/Versions/A/CoreUtils
0x00007ff812c59000 	/System/Library/Frameworks/CoreWLAN.framework/Versions/A/CoreWLAN
0x00007ff817a7b000 	/System/Library/Frameworks/IOBluetooth.framework/Versions/A/IOBluetooth
0x00007ff81cde8000 	/System/Library/PrivateFrameworks/CoreWiFi.framework/Versions/A/CoreWiFi
0x00007ff81b81d000 	/System/Library/PrivateFrameworks/FrontBoardServices.framework/Versions/A/FrontBoardServices
0x00007ff81b8af000 	/System/Library/PrivateFrameworks/BoardServices.framework/Versions/A/BoardServices
0x00007ff812f4c000 	/System/Library/PrivateFrameworks/AssertionServices.framework/Versions/A/AssertionServices
0x00007ff81cf6c000 	/System/Library/PrivateFrameworks/BackBoardServices.framework/Versions/A/BackBoardServices
0x00007ff816e80000 	/System/Library/PrivateFrameworks/CorePhoneNumbers.framework/Versions/A/CorePhoneNumbers
0x00007ff81ab1f000 	/System/Library/PrivateFrameworks/DiskManagement.framework/Versions/A/DiskManagement
0x00007ff81aa33000 	/System/Library/PrivateFrameworks/AppleIDAuthSupport.framework/Versions/A/AppleIDAuthSupport
0x00007ffa2714e000 	/System/Library/PrivateFrameworks/AAAFoundation.framework/Versions/A/AAAFoundation
0x00007ff816e61000 	/System/Library/PrivateFrameworks/KeychainCircle.framework/Versions/A/KeychainCircle
0x00007ff81aaeb000 	/System/Library/PrivateFrameworks/MediaKit.framework/Versions/A/MediaKit
0x00007ff81aa3f000 	/System/Library/Frameworks/DiscRecording.framework/Versions/A/DiscRecording
0x00007ff814526000 	/usr/lib/libCoreStorage.dylib
0x00007ff81d259000 	/usr/lib/libcsfde.dylib
0x00007ff817b48000 	/System/Library/PrivateFrameworks/ProtectedCloudStorage.framework/Versions/A/ProtectedCloudStorage
0x00007ff81d255000 	/System/Library/PrivateFrameworks/EFILogin.framework/Versions/A/EFILogin
0x00007ff81b19c000 	/System/Library/PrivateFrameworks/OctagonTrust.framework/Versions/A/OctagonTrust
0x00007ffb0b91c000 	/System/Library/PrivateFrameworks/CoreUtilsExtras.framework/Versions/A/CoreUtilsExtras
0x00007ff81a972000 	/System/Library/Frameworks/CoreBluetooth.framework/Versions/A/CoreBluetooth
0x00007ff81d8cf000 	/System/Library/Frameworks/AudioUnit.framework/Versions/A/AudioUnit
0x00007ff81451e000 	/usr/lib/libMatch.1.dylib
0x00007ff91274c000 	/System/Library/Frameworks/Accelerate.framework/Versions/A/Frameworks/vImage.framework/Versions/A/Libraries/libCGInterfaces.dylib
0x0000000109d28000 	/usr/lib/libobjc-trampolines.dylib
0x00007ff81015e000 	/System/Library/PrivateFrameworks/ViewBridge.framework/Versions/A/ViewBridge
0x0000000128fef000 	/Library/Java/JavaVirtualMachines/adoptopenjdk-11.jdk/Contents/Home/lib/libsunec.dylib
0x0000000128fd0000 	/Users/sethfagen/Downloads/javafx-sdk-11.0.2/lib/libjavafx_font.dylib
0x00007ff814c7b000 	/System/Library/PrivateFrameworks/login.framework/Versions/A/login
0x00007ffb1e1e6000 	/usr/lib/libRosetta.dylib
0x00007ff819ef4000 	/System/Library/PrivateFrameworks/SystemAdministration.framework/Versions/A/SystemAdministration
0x00007ff8158d2000 	/System/Library/Frameworks/MediaToolbox.framework/Versions/A/MediaToolbox
0x00007ff8197f9000 	/System/Library/Frameworks/DirectoryService.framework/Versions/A/DirectoryService
0x00007ff81d0f8000 	/System/Library/PrivateFrameworks/DiskImages.framework/Versions/A/DiskImages
0x00007ff812ff4000 	/System/Library/Frameworks/ServiceManagement.framework/Versions/A/ServiceManagement
0x00007ff81d2d1000 	/System/Library/PrivateFrameworks/LoginUIKit.framework/Versions/A/Frameworks/LoginUICore.framework/Versions/A/LoginUICore
0x00007ff814e29000 	/usr/lib/libodfde.dylib
0x00007ff81afce000 	/System/Library/PrivateFrameworks/CoreAVCHD.framework/Versions/A/CoreAVCHD
0x00007ff819eb8000 	/System/Library/Frameworks/MediaAccessibility.framework/Versions/A/MediaAccessibility
0x00007ff81afca000 	/System/Library/PrivateFrameworks/Mangrove.framework/Versions/A/Mangrove
0x00007ff819ec3000 	/System/Library/PrivateFrameworks/AlgosScoreFramework.framework/Versions/A/AlgosScoreFramework
0x00007ffb08d84000 	/System/Library/PrivateFrameworks/CMPhoto.framework/Versions/A/CMPhoto
0x00007ff81bb1e000 	/System/Library/PrivateFrameworks/AppleVPA.framework/Versions/A/AppleVPA
0x00007ff81ac0f000 	/System/Library/PrivateFrameworks/CoreAUC.framework/Versions/A/CoreAUC
0x00007ff81d265000 	/usr/lib/libcurl.4.dylib
0x00007ff81cfc4000 	/usr/lib/libcrypto.44.dylib
0x00007ff81d0cb000 	/usr/lib/libssl.46.dylib
0x00007ff81cf8a000 	/System/Library/Frameworks/LDAP.framework/Versions/A/LDAP
0x00007ff81cfc2000 	/System/Library/PrivateFrameworks/TrustEvaluationAgent.framework/Versions/A/TrustEvaluationAgent
0x00007ff81674d000 	/usr/lib/libsasl2.2.dylib
0x00007ff819ee8000 	/System/Library/PrivateFrameworks/CoreDaemon.framework/Versions/B/CoreDaemon
0x00007ff819ee3000 	/System/Library/PrivateFrameworks/AppleSRP.framework/Versions/A/AppleSRP


VM Arguments:
jvm_args: --module-path=/Users/sethfagen/Downloads/javafx-sdk-11.0.2/lib --add-modules=javafx.controls,javafx.fxml -javaagent:/Applications/IntelliJ IDEA CE.app/Contents/lib/idea_rt.jar=55294:/Applications/IntelliJ IDEA CE.app/Contents/bin -Dfile.encoding=UTF-8 
java_command: main.Driver
java_class_path (initial): /Users/sethfagen/Dev Projects/helpdesk/out/production/helpdesk:/Users/sethfagen/db-derby-10.15.2.0-bin/lib/derbytools.jar:/Users/sethfagen/db-derby-10.15.2.0-bin/lib/derby.jar:/Users/sethfagen/db-derby-10.15.2.0-bin/lib/derbyclient.jar:/Users/sethfagen/db-derby-10.15.2.0-bin/lib/derbynet.jar:/Users/sethfagen/Downloads/jaf-1.0.2/activation.jar:/Users/sethfagen/Downloads/javax.mail.jar:/Users/sethfagen/Downloads/javafx-sdk-11.0-3.2/lib/javafx-swt.jar:/Users/sethfagen/Downloads/javafx-sdk-11.0-3.2/lib/javafx.base.jar:/Users/sethfagen/Downloads/javafx-sdk-11.0-3.2/lib/javafx.controls.jar:/Users/sethfagen/Downloads/javafx-sdk-11.0-3.2/lib/javafx.fxml.jar:/Users/sethfagen/Downloads/javafx-sdk-11.0-3.2/lib/javafx.graphics.jar:/Users/sethfagen/Downloads/javafx-sdk-11.0-3.2/lib/javafx.media.jar:/Users/sethfagen/Downloads/javafx-sdk-11.0-3.2/lib/javafx.swing.jar:/Users/sethfagen/Downloads/javafx-sdk-11.0-3.2/lib/javafx.web.jar
Launcher Type: SUN_STANDARD

[Global flags]
     intx CICompilerCount                          = 3                                         {product} {ergonomic}
     uint ConcGCThreads                            = 1                                         {product} {ergonomic}
     uint G1ConcRefinementThreads                  = 4                                         {product} {ergonomic}
   size_t G1HeapRegionSize                         = 1048576                                   {product} {ergonomic}
    uintx GCDrainStackTargetSize                   = 64                                        {product} {ergonomic}
   size_t InitialHeapSize                          = 134217728                                 {product} {ergonomic}
   size_t MarkStackSize                            = 4194304                                   {product} {ergonomic}
   size_t MaxHeapSize                              = 2147483648                                {product} {ergonomic}
   size_t MaxNewSize                               = 1287651328                                {product} {ergonomic}
   size_t MinHeapDeltaBytes                        = 1048576                                   {product} {ergonomic}
    uintx NonNMethodCodeHeapSize                   = 5830732                                {pd product} {ergonomic}
    uintx NonProfiledCodeHeapSize                  = 122913754                              {pd product} {ergonomic}
    uintx ProfiledCodeHeapSize                     = 122913754                              {pd product} {ergonomic}
    uintx ReservedCodeCacheSize                    = 251658240                              {pd product} {ergonomic}
     bool SegmentedCodeCache                       = true                                      {product} {ergonomic}
     bool UseCompressedClassPointers               = true                                 {lp64_product} {ergonomic}
     bool UseCompressedOops                        = true                                 {lp64_product} {ergonomic}
     bool UseG1GC                                  = true                                      {product} {ergonomic}

Logging:
Log output configuration:
 #0: stdout all=warning uptime,level,tags
 #1: stderr all=off uptime,level,tags

Environment Variables:
JAVA_HOME=/Library/Java/JavaVirtualMachines/adoptopenjdk-11.jdk/Contents/Home
PATH=/Library/Frameworks/Python.framework/Versions/3.10/bin:/Users/sethfagen/db-derby-10.15.2.0-bin/bin:/Users/sethfagen/.rvm/gems/ruby-3.0.0/bin:/Users/sethfagen/.rvm/gems/ruby-3.0.0@global/bin:/Users/sethfagen/.rvm/rubies/ruby-3.0.0/bin:/Users/sethfagen/opt/anaconda3/bin:/Library/Frameworks/Python.framework/Versions/3.9/bin:/Library/Frameworks/Python.framework/Versions/3.8/bin:/usr/local/bin:/usr/bin:/bin:/usr/sbin:/sbin:/Library/Apple/usr/bin:/Users/sethfagen/.rvm/bin
SHELL=/bin/bash
LC_CTYPE=en_US.UTF-8

Signal Handlers:
SIGSEGV: [libjvm.dylib+0x7b8c82], sa_mask[0]=11111111011111110111111111111111, sa_flags=SA_ONSTACK|SA_RESTART|SA_SIGINFO
SIGBUS: [libjvm.dylib+0x7b8c82], sa_mask[0]=11111111011111110111111111111111, sa_flags=SA_RESTART|SA_SIGINFO
SIGFPE: [libjvm.dylib+0x7b8c82], sa_mask[0]=11111111011111110111111111111111, sa_flags=SA_RESTART|SA_SIGINFO
SIGPIPE: [libjvm.dylib+0x61f47b], sa_mask[0]=11111111011111110111111111111111, sa_flags=SA_RESTART|SA_SIGINFO
SIGXFSZ: [libjvm.dylib+0x61f47b], sa_mask[0]=11111111011111110111111111111111, sa_flags=SA_RESTART|SA_SIGINFO
SIGILL: [libjvm.dylib+0x7b8c82], sa_mask[0]=11111111011111110111111111111111, sa_flags=SA_RESTART|SA_SIGINFO
SIGUSR2: [libjvm.dylib+0x61fa63], sa_mask[0]=00100000000000000000000000000000, sa_flags=SA_RESTART|SA_SIGINFO
SIGHUP: [libjvm.dylib+0x61e5a9], sa_mask[0]=11111111011111110111111111111111, sa_flags=SA_RESTART|SA_SIGINFO
SIGINT: [libjvm.dylib+0x61e5a9], sa_mask[0]=11111111011111110111111111111111, sa_flags=SA_RESTART|SA_SIGINFO
SIGTERM: [libjvm.dylib+0x61e5a9], sa_mask[0]=11111111011111110111111111111111, sa_flags=SA_RESTART|SA_SIGINFO
SIGQUIT: [libjvm.dylib+0x61e5a9], sa_mask[0]=11111111011111110111111111111111, sa_flags=SA_RESTART|SA_SIGINFO


---------------  S Y S T E M  ---------------

OS:uname:Darwin 21.1.0 Darwin Kernel Version 21.1.0: Wed Oct 13 17:33:23 PDT 2021; root:xnu-8019.41.5~1/RELEASE_X86_64 x86_64
OS uptime: 1 days 21:39 hours
rlimit (soft/hard): STACK 8192k/65532k , CORE 0k/infinity , NPROC 1392/2088 , NOFILE 10240/infinity , AS infinity/infinity , CPU infinity/infinity , DATA infinity/infinity , FSIZE infinity/infinity , MEMLOCK infinity/infinity , RSS infinity/infinity
load average:1.90 2.36 2.14

CPU:total 4 (initial active 4) (2 cores per cpu, 2 threads per core) family 6 model 142 stepping 9, cmov, cx8, fxsr, mmx, sse, sse2, sse3, ssse3, sse4.1, sse4.2, popcnt, avx, avx2, aes, clmul, erms, rtm, 3dnowpref, lzcnt, ht, tsc, tscinvbit, bmi1, bmi2, adx, fma

Memory: 4k page, physical 8388608k(94920k free), swap 2097152k(897536k free)

vm_info: OpenJDK 64-Bit Server VM (11.0.9.1+1) for bsd-amd64 JRE (11.0.9.1+1), built on Nov 10 2020 15:24:42 by "jenkins" with gcc 4.2.1 Compatible Apple LLVM 10.0.1 (clang-1001.0.46.4)

END.
